GAS LISTING C:\Users\forss\AppData\Local\Temp\ccXn3U17.s 			page 1


   1              		.file	"fstat.c"
   2              		.option nopic
   3              		.attribute arch, "rv32i2p0_m2p0_a2p0_c2p0"
   4              		.attribute unaligned_access, 0
   5              		.attribute stack_align, 16
   6              		.text
   7              	.Ltext0:
   8              		.cfi_sections	.debug_frame
   9              		.section	.text._fstat,"ax",@progbits
  10              		.align	1
  11              		.globl	_fstat
  13              	_fstat:
  14              	.LFB1:
  15              		.file 1 "./../../firmware/RISCV/stubs/fstat.c"
   1:./../../firmware/RISCV/stubs/fstat.c **** /* See LICENSE of license details. */
   2:./../../firmware/RISCV/stubs/fstat.c **** 
   3:./../../firmware/RISCV/stubs/fstat.c **** #include <errno.h>
   4:./../../firmware/RISCV/stubs/fstat.c **** #include <unistd.h>
   5:./../../firmware/RISCV/stubs/fstat.c **** #include <sys/stat.h>
   6:./../../firmware/RISCV/stubs/fstat.c **** #include "stub.h"
   7:./../../firmware/RISCV/stubs/fstat.c **** 
   8:./../../firmware/RISCV/stubs/fstat.c **** int _fstat(int fd, struct stat* st)
   9:./../../firmware/RISCV/stubs/fstat.c **** {
  16              		.loc 1 9 1
  17              		.cfi_startproc
  18              	.LVL0:
  10:./../../firmware/RISCV/stubs/fstat.c ****   if (isatty(fd)) {
  19              		.loc 1 10 3
   9:./../../firmware/RISCV/stubs/fstat.c ****   if (isatty(fd)) {
  20              		.loc 1 9 1 is_stmt 0
  21 0000 0111     		addi	sp,sp,-32
  22              	.LCFI0:
  23              		.cfi_def_cfa_offset 32
  24 0002 06CE     		sw	ra,28(sp)
  25              		.cfi_offset 1, -4
   9:./../../firmware/RISCV/stubs/fstat.c ****   if (isatty(fd)) {
  26              		.loc 1 9 1
  27 0004 2EC6     		sw	a1,12(sp)
  28              		.loc 1 10 7
  29 0006 97000000 		call	isatty
  29      E7800000 
  30              	.LVL1:
  31              		.loc 1 10 6
  32 000e 01C9     		beq	a0,zero,.L3
  11:./../../firmware/RISCV/stubs/fstat.c ****     st->st_mode = S_IFCHR;
  33              		.loc 1 11 5 is_stmt 1
  34              		.loc 1 11 17 is_stmt 0
  35 0010 B245     		lw	a1,12(sp)
  36 0012 8967     		li	a5,8192
  12:./../../firmware/RISCV/stubs/fstat.c ****     return 0;
  37              		.loc 1 12 12
  38 0014 0145     		li	a0,0
  11:./../../firmware/RISCV/stubs/fstat.c ****     st->st_mode = S_IFCHR;
  39              		.loc 1 11 17
  40 0016 DCC1     		sw	a5,4(a1)
  41              		.loc 1 12 5 is_stmt 1
  42              	.L1:
GAS LISTING C:\Users\forss\AppData\Local\Temp\ccXn3U17.s 			page 2


  13:./../../firmware/RISCV/stubs/fstat.c ****   }
  14:./../../firmware/RISCV/stubs/fstat.c **** 
  15:./../../firmware/RISCV/stubs/fstat.c ****   return _stub(EBADF);
  16:./../../firmware/RISCV/stubs/fstat.c **** }
  43              		.loc 1 16 1 is_stmt 0
  44 0018 F240     		lw	ra,28(sp)
  45              		.cfi_remember_state
  46              		.cfi_restore 1
  47 001a 0561     		addi	sp,sp,32
  48              	.LCFI1:
  49              		.cfi_def_cfa_offset 0
  50              	.LVL2:
  51 001c 8280     		jr	ra
  52              	.LVL3:
  53              	.L3:
  54              	.LCFI2:
  55              		.cfi_restore_state
  15:./../../firmware/RISCV/stubs/fstat.c **** }
  56              		.loc 1 15 10
  57 001e 7D55     		li	a0,-1
  58 0020 E5BF     		j	.L1
  59              		.cfi_endproc
  60              	.LFE1:
  62              		.text
  63              	.Letext0:
  64              		.file 2 "c:\\users\\forss\\desktop\\toolchain-gd32v-v202-win\\toolchain-gd32v-v202-win\\compiler\\
  65              		.file 3 "c:\\users\\forss\\desktop\\toolchain-gd32v-v202-win\\toolchain-gd32v-v202-win\\compiler\\
  66              		.file 4 "c:\\users\\forss\\desktop\\toolchain-gd32v-v202-win\\toolchain-gd32v-v202-win\\compiler\\
  67              		.file 5 "c:\\users\\forss\\desktop\\toolchain-gd32v-v202-win\\toolchain-gd32v-v202-win\\compiler\\
  68              		.file 6 "c:\\users\\forss\\desktop\\toolchain-gd32v-v202-win\\toolchain-gd32v-v202-win\\compiler\\
  69              		.file 7 "c:\\users\\forss\\desktop\\toolchain-gd32v-v202-win\\toolchain-gd32v-v202-win\\compiler\\
  70              		.file 8 "c:\\users\\forss\\desktop\\toolchain-gd32v-v202-win\\toolchain-gd32v-v202-win\\compiler\\
  71              		.file 9 "c:\\users\\forss\\desktop\\toolchain-gd32v-v202-win\\toolchain-gd32v-v202-win\\compiler\\
  72              		.file 10 "c:\\users\\forss\\desktop\\toolchain-gd32v-v202-win\\toolchain-gd32v-v202-win\\compiler\
  73              		.file 11 "c:\\users\\forss\\desktop\\toolchain-gd32v-v202-win\\toolchain-gd32v-v202-win\\compiler\
  74              		.file 12 "c:\\users\\forss\\desktop\\toolchain-gd32v-v202-win\\toolchain-gd32v-v202-win\\compiler\
  75              		.file 13 "./../../firmware/RISCV/stubs/stub.h"
GAS LISTING C:\Users\forss\AppData\Local\Temp\ccXn3U17.s 			page 3


DEFINED SYMBOLS
                            *ABS*:0000000000000000 fstat.c
C:\Users\forss\AppData\Local\Temp\ccXn3U17.s:13     .text._fstat:0000000000000000 _fstat
C:\Users\forss\AppData\Local\Temp\ccXn3U17.s:17     .text._fstat:0000000000000000 .L0 
C:\Users\forss\AppData\Local\Temp\ccXn3U17.s:19     .text._fstat:0000000000000000 .L0 
C:\Users\forss\AppData\Local\Temp\ccXn3U17.s:20     .text._fstat:0000000000000000 .L0 
C:\Users\forss\AppData\Local\Temp\ccXn3U17.s:21     .text._fstat:0000000000000000 .L0 
C:\Users\forss\AppData\Local\Temp\ccXn3U17.s:23     .text._fstat:0000000000000002 .L0 
C:\Users\forss\AppData\Local\Temp\ccXn3U17.s:25     .text._fstat:0000000000000004 .L0 
C:\Users\forss\AppData\Local\Temp\ccXn3U17.s:27     .text._fstat:0000000000000004 .L0 
C:\Users\forss\AppData\Local\Temp\ccXn3U17.s:29     .text._fstat:0000000000000006 .L0 
C:\Users\forss\AppData\Local\Temp\ccXn3U17.s:32     .text._fstat:000000000000000e .L0 
C:\Users\forss\AppData\Local\Temp\ccXn3U17.s:34     .text._fstat:0000000000000010 .L0 
C:\Users\forss\AppData\Local\Temp\ccXn3U17.s:35     .text._fstat:0000000000000010 .L0 
C:\Users\forss\AppData\Local\Temp\ccXn3U17.s:38     .text._fstat:0000000000000014 .L0 
C:\Users\forss\AppData\Local\Temp\ccXn3U17.s:40     .text._fstat:0000000000000016 .L0 
C:\Users\forss\AppData\Local\Temp\ccXn3U17.s:43     .text._fstat:0000000000000018 .L0 
C:\Users\forss\AppData\Local\Temp\ccXn3U17.s:44     .text._fstat:0000000000000018 .L0 
C:\Users\forss\AppData\Local\Temp\ccXn3U17.s:45     .text._fstat:000000000000001a .L0 
C:\Users\forss\AppData\Local\Temp\ccXn3U17.s:46     .text._fstat:000000000000001a .L0 
C:\Users\forss\AppData\Local\Temp\ccXn3U17.s:49     .text._fstat:000000000000001c .L0 
C:\Users\forss\AppData\Local\Temp\ccXn3U17.s:55     .text._fstat:000000000000001e .L0 
C:\Users\forss\AppData\Local\Temp\ccXn3U17.s:57     .text._fstat:000000000000001e .L0 
C:\Users\forss\AppData\Local\Temp\ccXn3U17.s:59     .text._fstat:0000000000000022 .L0 
C:\Users\forss\AppData\Local\Temp\ccXn3U17.s:62     .text._fstat:0000000000000022 .L0 
                     .debug_frame:0000000000000000 .L0 
C:\Users\forss\AppData\Local\Temp\ccXn3U17.s:53     .text._fstat:000000000000001e .L3
C:\Users\forss\AppData\Local\Temp\ccXn3U17.s:42     .text._fstat:0000000000000018 .L1
C:\Users\forss\AppData\Local\Temp\ccXn3U17.s:1932   .debug_abbrev:0000000000000000 .Ldebug_abbrev0
C:\Users\forss\AppData\Local\Temp\ccXn3U17.s:2842   .debug_str:00000000000005c7 .LASF170
C:\Users\forss\AppData\Local\Temp\ccXn3U17.s:2736   .debug_str:00000000000003d1 .LASF171
C:\Users\forss\AppData\Local\Temp\ccXn3U17.s:2570   .debug_str:0000000000000071 .LASF172
C:\Users\forss\AppData\Local\Temp\ccXn3U17.s:2536   .debug_ranges:0000000000000000 .Ldebug_ranges0
C:\Users\forss\AppData\Local\Temp\ccXn3U17.s:2542   .debug_line:0000000000000000 .Ldebug_line0
C:\Users\forss\AppData\Local\Temp\ccXn3U17.s:2672   .debug_str:00000000000002ae .LASF0
C:\Users\forss\AppData\Local\Temp\ccXn3U17.s:2696   .debug_str:000000000000031e .LASF1
C:\Users\forss\AppData\Local\Temp\ccXn3U17.s:2594   .debug_str:000000000000014a .LASF2
C:\Users\forss\AppData\Local\Temp\ccXn3U17.s:2730   .debug_str:00000000000003b7 .LASF3
C:\Users\forss\AppData\Local\Temp\ccXn3U17.s:2710   .debug_str:0000000000000369 .LASF8
C:\Users\forss\AppData\Local\Temp\ccXn3U17.s:2596   .debug_str:0000000000000158 .LASF4
C:\Users\forss\AppData\Local\Temp\ccXn3U17.s:2758   .debug_str:0000000000000456 .LASF5
C:\Users\forss\AppData\Local\Temp\ccXn3U17.s:2766   .debug_str:0000000000000479 .LASF6
C:\Users\forss\AppData\Local\Temp\ccXn3U17.s:2616   .debug_str:00000000000001b1 .LASF7
C:\Users\forss\AppData\Local\Temp\ccXn3U17.s:2648   .debug_str:0000000000000244 .LASF9
C:\Users\forss\AppData\Local\Temp\ccXn3U17.s:2684   .debug_str:00000000000002ec .LASF10
C:\Users\forss\AppData\Local\Temp\ccXn3U17.s:2572   .debug_str:00000000000000cc .LASF11
C:\Users\forss\AppData\Local\Temp\ccXn3U17.s:2584   .debug_str:0000000000000116 .LASF12
C:\Users\forss\AppData\Local\Temp\ccXn3U17.s:2614   .debug_str:00000000000001a6 .LASF13
C:\Users\forss\AppData\Local\Temp\ccXn3U17.s:2742   .debug_str:0000000000000407 .LASF14
C:\Users\forss\AppData\Local\Temp\ccXn3U17.s:2744   .debug_str:0000000000000413 .LASF15
C:\Users\forss\AppData\Local\Temp\ccXn3U17.s:2660   .debug_str:000000000000027d .LASF16
C:\Users\forss\AppData\Local\Temp\ccXn3U17.s:2834   .debug_str:00000000000005a4 .LASF17
C:\Users\forss\AppData\Local\Temp\ccXn3U17.s:2548   .debug_str:0000000000000014 .LASF18
C:\Users\forss\AppData\Local\Temp\ccXn3U17.s:2806   .debug_str:0000000000000537 .LASF19
C:\Users\forss\AppData\Local\Temp\ccXn3U17.s:2600   .debug_str:000000000000016a .LASF20
C:\Users\forss\AppData\Local\Temp\ccXn3U17.s:2546   .debug_str:000000000000000c .LASF21
C:\Users\forss\AppData\Local\Temp\ccXn3U17.s:2818   .debug_str:0000000000000567 .LASF22
GAS LISTING C:\Users\forss\AppData\Local\Temp\ccXn3U17.s 			page 4


C:\Users\forss\AppData\Local\Temp\ccXn3U17.s:2862   .debug_str:00000000000006a7 .LASF23
C:\Users\forss\AppData\Local\Temp\ccXn3U17.s:2706   .debug_str:000000000000035b .LASF24
C:\Users\forss\AppData\Local\Temp\ccXn3U17.s:2674   .debug_str:00000000000002bb .LASF25
C:\Users\forss\AppData\Local\Temp\ccXn3U17.s:2810   .debug_str:0000000000000545 .LASF26
C:\Users\forss\AppData\Local\Temp\ccXn3U17.s:2812   .debug_str:000000000000054d .LASF27
C:\Users\forss\AppData\Local\Temp\ccXn3U17.s:2778   .debug_str:00000000000004ac .LASF28
C:\Users\forss\AppData\Local\Temp\ccXn3U17.s:2890   .debug_str:0000000000000724 .LASF29
C:\Users\forss\AppData\Local\Temp\ccXn3U17.s:2848   .debug_str:000000000000065d .LASF30
C:\Users\forss\AppData\Local\Temp\ccXn3U17.s:2754   .debug_str:000000000000043b .LASF31
C:\Users\forss\AppData\Local\Temp\ccXn3U17.s:2652   .debug_str:0000000000000255 .LASF32
C:\Users\forss\AppData\Local\Temp\ccXn3U17.s:2656   .debug_str:0000000000000266 .LASF37
C:\Users\forss\AppData\Local\Temp\ccXn3U17.s:2836   .debug_str:00000000000005ac .LASF33
C:\Users\forss\AppData\Local\Temp\ccXn3U17.s:2802   .debug_str:0000000000000528 .LASF34
C:\Users\forss\AppData\Local\Temp\ccXn3U17.s:2650   .debug_str:000000000000024f .LASF35
C:\Users\forss\AppData\Local\Temp\ccXn3U17.s:2856   .debug_str:0000000000000692 .LASF36
C:\Users\forss\AppData\Local\Temp\ccXn3U17.s:2670   .debug_str:00000000000002a9 .LASF38
C:\Users\forss\AppData\Local\Temp\ccXn3U17.s:2590   .debug_str:000000000000013c .LASF39
C:\Users\forss\AppData\Local\Temp\ccXn3U17.s:2828   .debug_str:000000000000058e .LASF40
C:\Users\forss\AppData\Local\Temp\ccXn3U17.s:2604   .debug_str:0000000000000179 .LASF41
C:\Users\forss\AppData\Local\Temp\ccXn3U17.s:2894   .debug_str:0000000000000737 .LASF42
C:\Users\forss\AppData\Local\Temp\ccXn3U17.s:2738   .debug_str:00000000000003f6 .LASF43
C:\Users\forss\AppData\Local\Temp\ccXn3U17.s:2724   .debug_str:000000000000039d .LASF44
C:\Users\forss\AppData\Local\Temp\ccXn3U17.s:2858   .debug_str:0000000000000697 .LASF45
C:\Users\forss\AppData\Local\Temp\ccXn3U17.s:2768   .debug_str:0000000000000483 .LASF46
C:\Users\forss\AppData\Local\Temp\ccXn3U17.s:2874   .debug_str:00000000000006dc .LASF47
C:\Users\forss\AppData\Local\Temp\ccXn3U17.s:2608   .debug_str:0000000000000188 .LASF48
C:\Users\forss\AppData\Local\Temp\ccXn3U17.s:2642   .debug_str:0000000000000231 .LASF49
C:\Users\forss\AppData\Local\Temp\ccXn3U17.s:2544   .debug_str:0000000000000000 .LASF50
C:\Users\forss\AppData\Local\Temp\ccXn3U17.s:2844   .debug_str:000000000000064f .LASF51
C:\Users\forss\AppData\Local\Temp\ccXn3U17.s:2622   .debug_str:00000000000001cb .LASF52
C:\Users\forss\AppData\Local\Temp\ccXn3U17.s:2740   .debug_str:00000000000003ff .LASF53
C:\Users\forss\AppData\Local\Temp\ccXn3U17.s:2794   .debug_str:00000000000004f8 .LASF54
C:\Users\forss\AppData\Local\Temp\ccXn3U17.s:2644   .debug_str:0000000000000239 .LASF55
C:\Users\forss\AppData\Local\Temp\ccXn3U17.s:2770   .debug_str:000000000000048d .LASF56
C:\Users\forss\AppData\Local\Temp\ccXn3U17.s:2602   .debug_str:0000000000000173 .LASF57
C:\Users\forss\AppData\Local\Temp\ccXn3U17.s:2550   .debug_str:000000000000001c .LASF58
C:\Users\forss\AppData\Local\Temp\ccXn3U17.s:2780   .debug_str:00000000000004b7 .LASF59
C:\Users\forss\AppData\Local\Temp\ccXn3U17.s:2620   .debug_str:00000000000001c4 .LASF60
C:\Users\forss\AppData\Local\Temp\ccXn3U17.s:2686   .debug_str:00000000000002fe .LASF61
C:\Users\forss\AppData\Local\Temp\ccXn3U17.s:2576   .debug_str:00000000000000ed .LASF62
C:\Users\forss\AppData\Local\Temp\ccXn3U17.s:2610   .debug_str:0000000000000196 .LASF63
C:\Users\forss\AppData\Local\Temp\ccXn3U17.s:2662   .debug_str:0000000000000285 .LASF64
C:\Users\forss\AppData\Local\Temp\ccXn3U17.s:2722   .debug_str:0000000000000396 .LASF65
C:\Users\forss\AppData\Local\Temp\ccXn3U17.s:2814   .debug_str:0000000000000555 .LASF66
C:\Users\forss\AppData\Local\Temp\ccXn3U17.s:2878   .debug_str:00000000000006f6 .LASF67
C:\Users\forss\AppData\Local\Temp\ccXn3U17.s:2598   .debug_str:0000000000000164 .LASF68
C:\Users\forss\AppData\Local\Temp\ccXn3U17.s:2870   .debug_str:00000000000006ce .LASF69
C:\Users\forss\AppData\Local\Temp\ccXn3U17.s:2628   .debug_str:00000000000001e1 .LASF70
C:\Users\forss\AppData\Local\Temp\ccXn3U17.s:2636   .debug_str:000000000000020a .LASF71
C:\Users\forss\AppData\Local\Temp\ccXn3U17.s:2566   .debug_str:000000000000005c .LASF72
C:\Users\forss\AppData\Local\Temp\ccXn3U17.s:2712   .debug_str:0000000000000370 .LASF73
C:\Users\forss\AppData\Local\Temp\ccXn3U17.s:2784   .debug_str:00000000000004c9 .LASF74
C:\Users\forss\AppData\Local\Temp\ccXn3U17.s:2716   .debug_str:000000000000037d .LASF75
C:\Users\forss\AppData\Local\Temp\ccXn3U17.s:2804   .debug_str:0000000000000530 .LASF76
C:\Users\forss\AppData\Local\Temp\ccXn3U17.s:2822   .debug_str:0000000000000578 .LASF77
C:\Users\forss\AppData\Local\Temp\ccXn3U17.s:2624   .debug_str:00000000000001d3 .LASF78
C:\Users\forss\AppData\Local\Temp\ccXn3U17.s:2678   .debug_str:00000000000002d3 .LASF79
GAS LISTING C:\Users\forss\AppData\Local\Temp\ccXn3U17.s 			page 5


C:\Users\forss\AppData\Local\Temp\ccXn3U17.s:2654   .debug_str:000000000000025e .LASF80
C:\Users\forss\AppData\Local\Temp\ccXn3U17.s:2792   .debug_str:00000000000004f3 .LASF81
C:\Users\forss\AppData\Local\Temp\ccXn3U17.s:2558   .debug_str:0000000000000039 .LASF82
C:\Users\forss\AppData\Local\Temp\ccXn3U17.s:2800   .debug_str:000000000000050f .LASF83
C:\Users\forss\AppData\Local\Temp\ccXn3U17.s:2796   .debug_str:00000000000004fd .LASF84
C:\Users\forss\AppData\Local\Temp\ccXn3U17.s:2630   .debug_str:00000000000001ea .LASF85
C:\Users\forss\AppData\Local\Temp\ccXn3U17.s:2798   .debug_str:0000000000000505 .LASF86
C:\Users\forss\AppData\Local\Temp\ccXn3U17.s:2704   .debug_str:0000000000000353 .LASF87
C:\Users\forss\AppData\Local\Temp\ccXn3U17.s:2664   .debug_str:000000000000028b .LASF88
C:\Users\forss\AppData\Local\Temp\ccXn3U17.s:2888   .debug_str:000000000000071f .LASF89
C:\Users\forss\AppData\Local\Temp\ccXn3U17.s:2750   .debug_str:0000000000000427 .LASF90
C:\Users\forss\AppData\Local\Temp\ccXn3U17.s:2682   .debug_str:00000000000002e4 .LASF91
C:\Users\forss\AppData\Local\Temp\ccXn3U17.s:2634   .debug_str:0000000000000202 .LASF92
C:\Users\forss\AppData\Local\Temp\ccXn3U17.s:2760   .debug_str:0000000000000464 .LASF93
C:\Users\forss\AppData\Local\Temp\ccXn3U17.s:2698   .debug_str:0000000000000331 .LASF94
C:\Users\forss\AppData\Local\Temp\ccXn3U17.s:2866   .debug_str:00000000000006ba .LASF95
C:\Users\forss\AppData\Local\Temp\ccXn3U17.s:2612   .debug_str:000000000000019e .LASF96
C:\Users\forss\AppData\Local\Temp\ccXn3U17.s:2606   .debug_str:0000000000000183 .LASF97
C:\Users\forss\AppData\Local\Temp\ccXn3U17.s:2824   .debug_str:000000000000057f .LASF98
C:\Users\forss\AppData\Local\Temp\ccXn3U17.s:2776   .debug_str:00000000000004a5 .LASF99
C:\Users\forss\AppData\Local\Temp\ccXn3U17.s:2860   .debug_str:00000000000006a1 .LASF100
C:\Users\forss\AppData\Local\Temp\ccXn3U17.s:2692   .debug_str:0000000000000311 .LASF101
C:\Users\forss\AppData\Local\Temp\ccXn3U17.s:2774   .debug_str:000000000000049f .LASF102
C:\Users\forss\AppData\Local\Temp\ccXn3U17.s:2554   .debug_str:000000000000002a .LASF103
C:\Users\forss\AppData\Local\Temp\ccXn3U17.s:2808   .debug_str:000000000000053f .LASF104
C:\Users\forss\AppData\Local\Temp\ccXn3U17.s:2832   .debug_str:000000000000059e .LASF105
C:\Users\forss\AppData\Local\Temp\ccXn3U17.s:2846   .debug_str:0000000000000658 .LASF106
C:\Users\forss\AppData\Local\Temp\ccXn3U17.s:2854   .debug_str:0000000000000685 .LASF107
C:\Users\forss\AppData\Local\Temp\ccXn3U17.s:2838   .debug_str:00000000000005b2 .LASF108
C:\Users\forss\AppData\Local\Temp\ccXn3U17.s:2702   .debug_str:0000000000000346 .LASF109
C:\Users\forss\AppData\Local\Temp\ccXn3U17.s:2876   .debug_str:00000000000006e7 .LASF110
C:\Users\forss\AppData\Local\Temp\ccXn3U17.s:2658   .debug_str:000000000000026e .LASF111
C:\Users\forss\AppData\Local\Temp\ccXn3U17.s:2786   .debug_str:00000000000004d2 .LASF112
C:\Users\forss\AppData\Local\Temp\ccXn3U17.s:2880   .debug_str:00000000000006fd .LASF113
C:\Users\forss\AppData\Local\Temp\ccXn3U17.s:2790   .debug_str:00000000000004e6 .LASF114
C:\Users\forss\AppData\Local\Temp\ccXn3U17.s:2886   .debug_str:0000000000000711 .LASF115
C:\Users\forss\AppData\Local\Temp\ccXn3U17.s:2588   .debug_str:000000000000012e .LASF116
C:\Users\forss\AppData\Local\Temp\ccXn3U17.s:2864   .debug_str:00000000000006b0 .LASF117
C:\Users\forss\AppData\Local\Temp\ccXn3U17.s:2700   .debug_str:000000000000033a .LASF118
C:\Users\forss\AppData\Local\Temp\ccXn3U17.s:2850   .debug_str:0000000000000665 .LASF119
C:\Users\forss\AppData\Local\Temp\ccXn3U17.s:2640   .debug_str:0000000000000223 .LASF120
C:\Users\forss\AppData\Local\Temp\ccXn3U17.s:2582   .debug_str:0000000000000107 .LASF121
C:\Users\forss\AppData\Local\Temp\ccXn3U17.s:2638   .debug_str:0000000000000212 .LASF122
C:\Users\forss\AppData\Local\Temp\ccXn3U17.s:2568   .debug_str:0000000000000062 .LASF123
C:\Users\forss\AppData\Local\Temp\ccXn3U17.s:2676   .debug_str:00000000000002c2 .LASF124
C:\Users\forss\AppData\Local\Temp\ccXn3U17.s:2764   .debug_str:0000000000000470 .LASF125
C:\Users\forss\AppData\Local\Temp\ccXn3U17.s:2734   .debug_str:00000000000003ca .LASF126
C:\Users\forss\AppData\Local\Temp\ccXn3U17.s:2726   .debug_str:00000000000003a7 .LASF127
C:\Users\forss\AppData\Local\Temp\ccXn3U17.s:2872   .debug_str:00000000000006d4 .LASF128
C:\Users\forss\AppData\Local\Temp\ccXn3U17.s:2578   .debug_str:00000000000000f6 .LASF173
C:\Users\forss\AppData\Local\Temp\ccXn3U17.s:2816   .debug_str:000000000000055b .LASF129
C:\Users\forss\AppData\Local\Temp\ccXn3U17.s:2852   .debug_str:0000000000000672 .LASF130
C:\Users\forss\AppData\Local\Temp\ccXn3U17.s:2632   .debug_str:00000000000001f5 .LASF131
C:\Users\forss\AppData\Local\Temp\ccXn3U17.s:2782   .debug_str:00000000000004bf .LASF132
C:\Users\forss\AppData\Local\Temp\ccXn3U17.s:2748   .debug_str:0000000000000420 .LASF133
C:\Users\forss\AppData\Local\Temp\ccXn3U17.s:2680   .debug_str:00000000000002db .LASF134
C:\Users\forss\AppData\Local\Temp\ccXn3U17.s:2868   .debug_str:00000000000006c4 .LASF135
GAS LISTING C:\Users\forss\AppData\Local\Temp\ccXn3U17.s 			page 6


C:\Users\forss\AppData\Local\Temp\ccXn3U17.s:2896   .debug_str:0000000000000741 .LASF136
C:\Users\forss\AppData\Local\Temp\ccXn3U17.s:2688   .debug_str:0000000000000304 .LASF137
C:\Users\forss\AppData\Local\Temp\ccXn3U17.s:2746   .debug_str:000000000000041a .LASF138
C:\Users\forss\AppData\Local\Temp\ccXn3U17.s:2694   .debug_str:0000000000000318 .LASF139
C:\Users\forss\AppData\Local\Temp\ccXn3U17.s:2646   .debug_str:000000000000023e .LASF140
C:\Users\forss\AppData\Local\Temp\ccXn3U17.s:2556   .debug_str:0000000000000032 .LASF141
C:\Users\forss\AppData\Local\Temp\ccXn3U17.s:2552   .debug_str:0000000000000022 .LASF142
C:\Users\forss\AppData\Local\Temp\ccXn3U17.s:2708   .debug_str:0000000000000361 .LASF143
C:\Users\forss\AppData\Local\Temp\ccXn3U17.s:2728   .debug_str:00000000000003b0 .LASF144
C:\Users\forss\AppData\Local\Temp\ccXn3U17.s:2732   .debug_str:00000000000003c3 .LASF145
C:\Users\forss\AppData\Local\Temp\ccXn3U17.s:2830   .debug_str:0000000000000597 .LASF146
C:\Users\forss\AppData\Local\Temp\ccXn3U17.s:2882   .debug_str:0000000000000702 .LASF147
C:\Users\forss\AppData\Local\Temp\ccXn3U17.s:2720   .debug_str:000000000000038d .LASF148
C:\Users\forss\AppData\Local\Temp\ccXn3U17.s:2752   .debug_str:0000000000000431 .LASF149
C:\Users\forss\AppData\Local\Temp\ccXn3U17.s:2560   .debug_str:0000000000000044 .LASF150
C:\Users\forss\AppData\Local\Temp\ccXn3U17.s:2586   .debug_str:0000000000000126 .LASF151
C:\Users\forss\AppData\Local\Temp\ccXn3U17.s:2592   .debug_str:0000000000000145 .LASF152
C:\Users\forss\AppData\Local\Temp\ccXn3U17.s:2562   .debug_str:000000000000004e .LASF153
C:\Users\forss\AppData\Local\Temp\ccXn3U17.s:2762   .debug_str:0000000000000469 .LASF154
C:\Users\forss\AppData\Local\Temp\ccXn3U17.s:2840   .debug_str:00000000000005bf .LASF155
C:\Users\forss\AppData\Local\Temp\ccXn3U17.s:2756   .debug_str:000000000000044d .LASF156
C:\Users\forss\AppData\Local\Temp\ccXn3U17.s:2690   .debug_str:000000000000030a .LASF157
C:\Users\forss\AppData\Local\Temp\ccXn3U17.s:2564   .debug_str:0000000000000055 .LASF158
C:\Users\forss\AppData\Local\Temp\ccXn3U17.s:2884   .debug_str:0000000000000709 .LASF159
C:\Users\forss\AppData\Local\Temp\ccXn3U17.s:2718   .debug_str:0000000000000385 .LASF160
C:\Users\forss\AppData\Local\Temp\ccXn3U17.s:2820   .debug_str:000000000000056f .LASF161
C:\Users\forss\AppData\Local\Temp\ccXn3U17.s:2666   .debug_str:0000000000000295 .LASF162
C:\Users\forss\AppData\Local\Temp\ccXn3U17.s:2892   .debug_str:000000000000072e .LASF163
C:\Users\forss\AppData\Local\Temp\ccXn3U17.s:2668   .debug_str:000000000000029f .LASF164
C:\Users\forss\AppData\Local\Temp\ccXn3U17.s:2788   .debug_str:00000000000004dd .LASF165
C:\Users\forss\AppData\Local\Temp\ccXn3U17.s:2618   .debug_str:00000000000001ba .LASF166
C:\Users\forss\AppData\Local\Temp\ccXn3U17.s:2772   .debug_str:0000000000000494 .LASF167
C:\Users\forss\AppData\Local\Temp\ccXn3U17.s:2574   .debug_str:00000000000000e3 .LASF168
C:\Users\forss\AppData\Local\Temp\ccXn3U17.s:2826   .debug_str:0000000000000584 .LASF169
C:\Users\forss\AppData\Local\Temp\ccXn3U17.s:2626   .debug_str:00000000000001da .LASF174
C:\Users\forss\AppData\Local\Temp\ccXn3U17.s:14     .text._fstat:0000000000000000 .LFB1
C:\Users\forss\AppData\Local\Temp\ccXn3U17.s:60     .text._fstat:0000000000000022 .LFE1
C:\Users\forss\AppData\Local\Temp\ccXn3U17.s:2464   .debug_loc:0000000000000000 .LLST0
C:\Users\forss\AppData\Local\Temp\ccXn3U17.s:2487   .debug_loc:0000000000000038 .LLST1
C:\Users\forss\AppData\Local\Temp\ccXn3U17.s:2501   .debug_loc:0000000000000059 .LLST2
C:\Users\forss\AppData\Local\Temp\ccXn3U17.s:30     .text._fstat:000000000000000e .LVL1
C:\Users\forss\AppData\Local\Temp\ccXn3U17.s:2580   .debug_str:0000000000000101 .LASF175
C:\Users\forss\AppData\Local\Temp\ccXn3U17.s:2714   .debug_str:0000000000000376 .LASF176
C:\Users\forss\AppData\Local\Temp\ccXn3U17.s:22     .text._fstat:0000000000000002 .LCFI0
C:\Users\forss\AppData\Local\Temp\ccXn3U17.s:48     .text._fstat:000000000000001c .LCFI1
C:\Users\forss\AppData\Local\Temp\ccXn3U17.s:54     .text._fstat:000000000000001e .LCFI2
C:\Users\forss\AppData\Local\Temp\ccXn3U17.s:18     .text._fstat:0000000000000000 .LVL0
C:\Users\forss\AppData\Local\Temp\ccXn3U17.s:50     .text._fstat:000000000000001c .LVL2
C:\Users\forss\AppData\Local\Temp\ccXn3U17.s:52     .text._fstat:000000000000001e .LVL3
C:\Users\forss\AppData\Local\Temp\ccXn3U17.s:77     .debug_info:0000000000000000 .Ldebug_info0

UNDEFINED SYMBOLS
isatty
