GAS LISTING C:\Users\hivan\AppData\Local\Temp\ccxpskJ7.s 			page 1


   1              		.file	"read.c"
   2              		.option nopic
   3              		.attribute arch, "rv32i2p0_m2p0_a2p0_c2p0"
   4              		.attribute unaligned_access, 0
   5              		.attribute stack_align, 16
   6              		.text
   7              	.Ltext0:
   8              		.cfi_sections	.debug_frame
   9              		.section	.text._read,"ax",@progbits
  10              		.align	1
  11              		.globl	_read
  13              	_read:
  14              	.LFB1:
  15              		.file 1 "./../../firmware/RISCV/stubs/read.c"
   1:./../../firmware/RISCV/stubs/read.c **** /* See LICENSE of license details. */
   2:./../../firmware/RISCV/stubs/read.c **** 
   3:./../../firmware/RISCV/stubs/read.c **** #include <stdint.h>
   4:./../../firmware/RISCV/stubs/read.c **** #include <errno.h>
   5:./../../firmware/RISCV/stubs/read.c **** #include <unistd.h>
   6:./../../firmware/RISCV/stubs/read.c **** #include <sys/types.h>
   7:./../../firmware/RISCV/stubs/read.c **** 
   8:./../../firmware/RISCV/stubs/read.c **** #include "stub.h"
   9:./../../firmware/RISCV/stubs/read.c **** 
  10:./../../firmware/RISCV/stubs/read.c **** ssize_t _read(int fd, void* ptr, size_t len)
  11:./../../firmware/RISCV/stubs/read.c **** {
  16              		.loc 1 11 1
  17              		.cfi_startproc
  18              	.LVL0:
  12:./../../firmware/RISCV/stubs/read.c ****   return _stub(EBADF);
  19              		.loc 1 12 3
  20              		.file 2 "./../../firmware/RISCV/stubs/stub.h"
   1:./../../firmware/RISCV/stubs/stub.h **** /* See LICENSE of license details. */
   2:./../../firmware/RISCV/stubs/stub.h **** #ifndef _NUCLEI_SYS_STUB_H
   3:./../../firmware/RISCV/stubs/stub.h **** #define _NUCLEI_SYS_STUB_H
   4:./../../firmware/RISCV/stubs/stub.h **** 
   5:./../../firmware/RISCV/stubs/stub.h **** #include <stdint.h>
   6:./../../firmware/RISCV/stubs/stub.h **** #if   defined (__GNUC__)
   7:./../../firmware/RISCV/stubs/stub.h **** #include <unistd.h>
   8:./../../firmware/RISCV/stubs/stub.h **** #endif
   9:./../../firmware/RISCV/stubs/stub.h **** 
  10:./../../firmware/RISCV/stubs/stub.h **** void write_hex(int fd, unsigned long int hex);
  11:./../../firmware/RISCV/stubs/stub.h **** 
  12:./../../firmware/RISCV/stubs/stub.h **** static inline int _stub(int err)
  13:./../../firmware/RISCV/stubs/stub.h **** {
  14:./../../firmware/RISCV/stubs/stub.h ****   return -1;
  21              		.loc 2 14 3
  13:./../../firmware/RISCV/stubs/read.c **** }
  22              		.loc 1 13 1 is_stmt 0
  23 0000 7D55     		li	a0,-1
  24              	.LVL1:
  25 0002 8280     		ret
  26              		.cfi_endproc
  27              	.LFE1:
  29              		.text
  30              	.Letext0:
  31              		.file 3 "c:\\users\\hivan\\onedrive\\skrivbord\\toolchain-gd32v-v202-win\\toolchain-gd32v-v202-win
  32              		.file 4 "c:\\users\\hivan\\onedrive\\skrivbord\\toolchain-gd32v-v202-win\\toolchain-gd32v-v202-win
GAS LISTING C:\Users\hivan\AppData\Local\Temp\ccxpskJ7.s 			page 2


  33              		.file 5 "c:\\users\\hivan\\onedrive\\skrivbord\\toolchain-gd32v-v202-win\\toolchain-gd32v-v202-win
  34              		.file 6 "c:\\users\\hivan\\onedrive\\skrivbord\\toolchain-gd32v-v202-win\\toolchain-gd32v-v202-win
  35              		.file 7 "c:\\users\\hivan\\onedrive\\skrivbord\\toolchain-gd32v-v202-win\\toolchain-gd32v-v202-win
  36              		.file 8 "c:\\users\\hivan\\onedrive\\skrivbord\\toolchain-gd32v-v202-win\\toolchain-gd32v-v202-win
  37              		.file 9 "c:\\users\\hivan\\onedrive\\skrivbord\\toolchain-gd32v-v202-win\\toolchain-gd32v-v202-win
GAS LISTING C:\Users\hivan\AppData\Local\Temp\ccxpskJ7.s 			page 3


DEFINED SYMBOLS
                            *ABS*:0000000000000000 read.c
C:\Users\hivan\AppData\Local\Temp\ccxpskJ7.s:13     .text._read:0000000000000000 _read
C:\Users\hivan\AppData\Local\Temp\ccxpskJ7.s:17     .text._read:0000000000000000 .L0 
C:\Users\hivan\AppData\Local\Temp\ccxpskJ7.s:19     .text._read:0000000000000000 .L0 
C:\Users\hivan\AppData\Local\Temp\ccxpskJ7.s:21     .text._read:0000000000000000 .L0 
C:\Users\hivan\AppData\Local\Temp\ccxpskJ7.s:22     .text._read:0000000000000000 .L0 
C:\Users\hivan\AppData\Local\Temp\ccxpskJ7.s:23     .text._read:0000000000000000 .L0 
C:\Users\hivan\AppData\Local\Temp\ccxpskJ7.s:26     .text._read:0000000000000004 .L0 
C:\Users\hivan\AppData\Local\Temp\ccxpskJ7.s:29     .text._read:0000000000000004 .L0 
                     .debug_frame:0000000000000000 .L0 
C:\Users\hivan\AppData\Local\Temp\ccxpskJ7.s:1569   .debug_abbrev:0000000000000000 .Ldebug_abbrev0
C:\Users\hivan\AppData\Local\Temp\ccxpskJ7.s:2338   .debug_str:0000000000000491 .LASF130
C:\Users\hivan\AppData\Local\Temp\ccxpskJ7.s:2142   .debug_str:000000000000009a .LASF131
C:\Users\hivan\AppData\Local\Temp\ccxpskJ7.s:2152   .debug_str:00000000000000ef .LASF132
C:\Users\hivan\AppData\Local\Temp\ccxpskJ7.s:2106   .debug_ranges:0000000000000000 .Ldebug_ranges0
C:\Users\hivan\AppData\Local\Temp\ccxpskJ7.s:2112   .debug_line:0000000000000000 .Ldebug_line0
C:\Users\hivan\AppData\Local\Temp\ccxpskJ7.s:2150   .debug_str:00000000000000e3 .LASF0
C:\Users\hivan\AppData\Local\Temp\ccxpskJ7.s:2270   .debug_str:0000000000000366 .LASF1
C:\Users\hivan\AppData\Local\Temp\ccxpskJ7.s:2276   .debug_str:0000000000000382 .LASF2
C:\Users\hivan\AppData\Local\Temp\ccxpskJ7.s:2222   .debug_str:0000000000000283 .LASF3
C:\Users\hivan\AppData\Local\Temp\ccxpskJ7.s:2168   .debug_str:000000000000018c .LASF4
C:\Users\hivan\AppData\Local\Temp\ccxpskJ7.s:2216   .debug_str:0000000000000264 .LASF5
C:\Users\hivan\AppData\Local\Temp\ccxpskJ7.s:2148   .debug_str:00000000000000d5 .LASF6
C:\Users\hivan\AppData\Local\Temp\ccxpskJ7.s:2132   .debug_str:000000000000005a .LASF7
C:\Users\hivan\AppData\Local\Temp\ccxpskJ7.s:2208   .debug_str:0000000000000240 .LASF8
C:\Users\hivan\AppData\Local\Temp\ccxpskJ7.s:2118   .debug_str:0000000000000012 .LASF10
C:\Users\hivan\AppData\Local\Temp\ccxpskJ7.s:2252   .debug_str:000000000000030d .LASF9
C:\Users\hivan\AppData\Local\Temp\ccxpskJ7.s:2236   .debug_str:00000000000002ce .LASF11
C:\Users\hivan\AppData\Local\Temp\ccxpskJ7.s:2264   .debug_str:0000000000000343 .LASF12
C:\Users\hivan\AppData\Local\Temp\ccxpskJ7.s:2322   .debug_str:0000000000000454 .LASF13
C:\Users\hivan\AppData\Local\Temp\ccxpskJ7.s:2358   .debug_str:0000000000000571 .LASF14
C:\Users\hivan\AppData\Local\Temp\ccxpskJ7.s:2232   .debug_str:00000000000002c0 .LASF15
C:\Users\hivan\AppData\Local\Temp\ccxpskJ7.s:2210   .debug_str:000000000000024d .LASF16
C:\Users\hivan\AppData\Local\Temp\ccxpskJ7.s:2314   .debug_str:0000000000000432 .LASF17
C:\Users\hivan\AppData\Local\Temp\ccxpskJ7.s:2316   .debug_str:000000000000043a .LASF18
C:\Users\hivan\AppData\Local\Temp\ccxpskJ7.s:2286   .debug_str:00000000000003aa .LASF19
C:\Users\hivan\AppData\Local\Temp\ccxpskJ7.s:2344   .debug_str:0000000000000527 .LASF20
C:\Users\hivan\AppData\Local\Temp\ccxpskJ7.s:2268   .debug_str:0000000000000354 .LASF21
C:\Users\hivan\AppData\Local\Temp\ccxpskJ7.s:2194   .debug_str:0000000000000203 .LASF22
C:\Users\hivan\AppData\Local\Temp\ccxpskJ7.s:2198   .debug_str:0000000000000214 .LASF27
C:\Users\hivan\AppData\Local\Temp\ccxpskJ7.s:2334   .debug_str:000000000000047e .LASF23
C:\Users\hivan\AppData\Local\Temp\ccxpskJ7.s:2308   .debug_str:000000000000041d .LASF24
C:\Users\hivan\AppData\Local\Temp\ccxpskJ7.s:2192   .debug_str:00000000000001fd .LASF25
C:\Users\hivan\AppData\Local\Temp\ccxpskJ7.s:2352   .debug_str:000000000000055c .LASF26
C:\Users\hivan\AppData\Local\Temp\ccxpskJ7.s:2206   .debug_str:000000000000023b .LASF28
C:\Users\hivan\AppData\Local\Temp\ccxpskJ7.s:2146   .debug_str:00000000000000cc .LASF29
C:\Users\hivan\AppData\Local\Temp\ccxpskJ7.s:2328   .debug_str:0000000000000468 .LASF30
C:\Users\hivan\AppData\Local\Temp\ccxpskJ7.s:2158   .debug_str:000000000000015f .LASF31
C:\Users\hivan\AppData\Local\Temp\ccxpskJ7.s:2382   .debug_str:00000000000005dc .LASF32
C:\Users\hivan\AppData\Local\Temp\ccxpskJ7.s:2258   .debug_str:0000000000000327 .LASF33
C:\Users\hivan\AppData\Local\Temp\ccxpskJ7.s:2246   .debug_str:00000000000002f3 .LASF34
C:\Users\hivan\AppData\Local\Temp\ccxpskJ7.s:2354   .debug_str:0000000000000561 .LASF35
C:\Users\hivan\AppData\Local\Temp\ccxpskJ7.s:2278   .debug_str:000000000000038c .LASF36
C:\Users\hivan\AppData\Local\Temp\ccxpskJ7.s:2368   .debug_str:000000000000059c .LASF37
C:\Users\hivan\AppData\Local\Temp\ccxpskJ7.s:2162   .debug_str:000000000000016e .LASF38
C:\Users\hivan\AppData\Local\Temp\ccxpskJ7.s:2188   .debug_str:00000000000001f0 .LASF39
GAS LISTING C:\Users\hivan\AppData\Local\Temp\ccxpskJ7.s 			page 4


C:\Users\hivan\AppData\Local\Temp\ccxpskJ7.s:2114   .debug_str:0000000000000000 .LASF40
C:\Users\hivan\AppData\Local\Temp\ccxpskJ7.s:2340   .debug_str:0000000000000519 .LASF41
C:\Users\hivan\AppData\Local\Temp\ccxpskJ7.s:2172   .debug_str:000000000000019c .LASF42
C:\Users\hivan\AppData\Local\Temp\ccxpskJ7.s:2260   .debug_str:0000000000000330 .LASF43
C:\Users\hivan\AppData\Local\Temp\ccxpskJ7.s:2300   .debug_str:00000000000003ed .LASF44
C:\Users\hivan\AppData\Local\Temp\ccxpskJ7.s:2190   .debug_str:00000000000001f8 .LASF45
C:\Users\hivan\AppData\Local\Temp\ccxpskJ7.s:2280   .debug_str:0000000000000396 .LASF46
C:\Users\hivan\AppData\Local\Temp\ccxpskJ7.s:2156   .debug_str:0000000000000159 .LASF47
C:\Users\hivan\AppData\Local\Temp\ccxpskJ7.s:2116   .debug_str:000000000000000c .LASF48
C:\Users\hivan\AppData\Local\Temp\ccxpskJ7.s:2288   .debug_str:00000000000003b5 .LASF49
C:\Users\hivan\AppData\Local\Temp\ccxpskJ7.s:2170   .debug_str:0000000000000195 .LASF50
C:\Users\hivan\AppData\Local\Temp\ccxpskJ7.s:2218   .debug_str:0000000000000276 .LASF51
C:\Users\hivan\AppData\Local\Temp\ccxpskJ7.s:2134   .debug_str:0000000000000071 .LASF52
C:\Users\hivan\AppData\Local\Temp\ccxpskJ7.s:2164   .debug_str:000000000000017c .LASF53
C:\Users\hivan\AppData\Local\Temp\ccxpskJ7.s:2202   .debug_str:000000000000022b .LASF54
C:\Users\hivan\AppData\Local\Temp\ccxpskJ7.s:2244   .debug_str:00000000000002ec .LASF55
C:\Users\hivan\AppData\Local\Temp\ccxpskJ7.s:2318   .debug_str:0000000000000442 .LASF56
C:\Users\hivan\AppData\Local\Temp\ccxpskJ7.s:2372   .debug_str:00000000000005b6 .LASF57
C:\Users\hivan\AppData\Local\Temp\ccxpskJ7.s:2154   .debug_str:0000000000000153 .LASF58
C:\Users\hivan\AppData\Local\Temp\ccxpskJ7.s:2364   .debug_str:000000000000058e .LASF59
C:\Users\hivan\AppData\Local\Temp\ccxpskJ7.s:2176   .debug_str:00000000000001ab .LASF60
C:\Users\hivan\AppData\Local\Temp\ccxpskJ7.s:2182   .debug_str:00000000000001c9 .LASF61
C:\Users\hivan\AppData\Local\Temp\ccxpskJ7.s:2126   .debug_str:0000000000000034 .LASF62
C:\Users\hivan\AppData\Local\Temp\ccxpskJ7.s:2238   .debug_str:00000000000002d5 .LASF63
C:\Users\hivan\AppData\Local\Temp\ccxpskJ7.s:2292   .debug_str:00000000000003c7 .LASF64
C:\Users\hivan\AppData\Local\Temp\ccxpskJ7.s:2240   .debug_str:00000000000002db .LASF65
C:\Users\hivan\AppData\Local\Temp\ccxpskJ7.s:2310   .debug_str:0000000000000425 .LASF66
C:\Users\hivan\AppData\Local\Temp\ccxpskJ7.s:2324   .debug_str:000000000000045c .LASF67
C:\Users\hivan\AppData\Local\Temp\ccxpskJ7.s:2174   .debug_str:00000000000001a4 .LASF68
C:\Users\hivan\AppData\Local\Temp\ccxpskJ7.s:2212   .debug_str:0000000000000254 .LASF69
C:\Users\hivan\AppData\Local\Temp\ccxpskJ7.s:2196   .debug_str:000000000000020c .LASF70
C:\Users\hivan\AppData\Local\Temp\ccxpskJ7.s:2298   .debug_str:00000000000003e8 .LASF71
C:\Users\hivan\AppData\Local\Temp\ccxpskJ7.s:2122   .debug_str:0000000000000021 .LASF72
C:\Users\hivan\AppData\Local\Temp\ccxpskJ7.s:2306   .debug_str:0000000000000404 .LASF73
C:\Users\hivan\AppData\Local\Temp\ccxpskJ7.s:2302   .debug_str:00000000000003f2 .LASF74
C:\Users\hivan\AppData\Local\Temp\ccxpskJ7.s:2262   .debug_str:0000000000000338 .LASF75
C:\Users\hivan\AppData\Local\Temp\ccxpskJ7.s:2304   .debug_str:00000000000003fa .LASF76
C:\Users\hivan\AppData\Local\Temp\ccxpskJ7.s:2230   .debug_str:00000000000002b8 .LASF77
C:\Users\hivan\AppData\Local\Temp\ccxpskJ7.s:2204   .debug_str:0000000000000231 .LASF78
C:\Users\hivan\AppData\Local\Temp\ccxpskJ7.s:2380   .debug_str:00000000000005d7 .LASF79
C:\Users\hivan\AppData\Local\Temp\ccxpskJ7.s:2266   .debug_str:000000000000034a .LASF80
C:\Users\hivan\AppData\Local\Temp\ccxpskJ7.s:2214   .debug_str:000000000000025c .LASF81
C:\Users\hivan\AppData\Local\Temp\ccxpskJ7.s:2180   .debug_str:00000000000001c1 .LASF82
C:\Users\hivan\AppData\Local\Temp\ccxpskJ7.s:2272   .debug_str:0000000000000374 .LASF83
C:\Users\hivan\AppData\Local\Temp\ccxpskJ7.s:2224   .debug_str:0000000000000296 .LASF84
C:\Users\hivan\AppData\Local\Temp\ccxpskJ7.s:2362   .debug_str:0000000000000584 .LASF85
C:\Users\hivan\AppData\Local\Temp\ccxpskJ7.s:2166   .debug_str:0000000000000184 .LASF86
C:\Users\hivan\AppData\Local\Temp\ccxpskJ7.s:2160   .debug_str:0000000000000169 .LASF87
C:\Users\hivan\AppData\Local\Temp\ccxpskJ7.s:2326   .debug_str:0000000000000463 .LASF88
C:\Users\hivan\AppData\Local\Temp\ccxpskJ7.s:2284   .debug_str:00000000000003a3 .LASF89
C:\Users\hivan\AppData\Local\Temp\ccxpskJ7.s:2356   .debug_str:000000000000056b .LASF90
C:\Users\hivan\AppData\Local\Temp\ccxpskJ7.s:2220   .debug_str:000000000000027c .LASF91
C:\Users\hivan\AppData\Local\Temp\ccxpskJ7.s:2282   .debug_str:000000000000039d .LASF92
C:\Users\hivan\AppData\Local\Temp\ccxpskJ7.s:2120   .debug_str:0000000000000019 .LASF93
C:\Users\hivan\AppData\Local\Temp\ccxpskJ7.s:2312   .debug_str:000000000000042c .LASF94
C:\Users\hivan\AppData\Local\Temp\ccxpskJ7.s:2332   .debug_str:0000000000000478 .LASF95
C:\Users\hivan\AppData\Local\Temp\ccxpskJ7.s:2342   .debug_str:0000000000000522 .LASF96
GAS LISTING C:\Users\hivan\AppData\Local\Temp\ccxpskJ7.s 			page 5


C:\Users\hivan\AppData\Local\Temp\ccxpskJ7.s:2350   .debug_str:000000000000054f .LASF97
C:\Users\hivan\AppData\Local\Temp\ccxpskJ7.s:2336   .debug_str:0000000000000484 .LASF98
C:\Users\hivan\AppData\Local\Temp\ccxpskJ7.s:2228   .debug_str:00000000000002ab .LASF99
C:\Users\hivan\AppData\Local\Temp\ccxpskJ7.s:2370   .debug_str:00000000000005a7 .LASF100
C:\Users\hivan\AppData\Local\Temp\ccxpskJ7.s:2200   .debug_str:000000000000021c .LASF101
C:\Users\hivan\AppData\Local\Temp\ccxpskJ7.s:2294   .debug_str:00000000000003d0 .LASF102
C:\Users\hivan\AppData\Local\Temp\ccxpskJ7.s:2374   .debug_str:00000000000005bd .LASF103
C:\Users\hivan\AppData\Local\Temp\ccxpskJ7.s:2296   .debug_str:00000000000003db .LASF104
C:\Users\hivan\AppData\Local\Temp\ccxpskJ7.s:2378   .debug_str:00000000000005c9 .LASF105
C:\Users\hivan\AppData\Local\Temp\ccxpskJ7.s:2144   .debug_str:00000000000000be .LASF106
C:\Users\hivan\AppData\Local\Temp\ccxpskJ7.s:2360   .debug_str:000000000000057a .LASF107
C:\Users\hivan\AppData\Local\Temp\ccxpskJ7.s:2226   .debug_str:000000000000029f .LASF108
C:\Users\hivan\AppData\Local\Temp\ccxpskJ7.s:2346   .debug_str:000000000000052f .LASF109
C:\Users\hivan\AppData\Local\Temp\ccxpskJ7.s:2186   .debug_str:00000000000001e2 .LASF110
C:\Users\hivan\AppData\Local\Temp\ccxpskJ7.s:2140   .debug_str:000000000000008b .LASF111
C:\Users\hivan\AppData\Local\Temp\ccxpskJ7.s:2184   .debug_str:00000000000001d1 .LASF112
C:\Users\hivan\AppData\Local\Temp\ccxpskJ7.s:2128   .debug_str:000000000000003a .LASF113
C:\Users\hivan\AppData\Local\Temp\ccxpskJ7.s:2130   .debug_str:0000000000000049 .LASF114
C:\Users\hivan\AppData\Local\Temp\ccxpskJ7.s:2274   .debug_str:0000000000000379 .LASF115
C:\Users\hivan\AppData\Local\Temp\ccxpskJ7.s:2256   .debug_str:0000000000000320 .LASF116
C:\Users\hivan\AppData\Local\Temp\ccxpskJ7.s:2248   .debug_str:00000000000002fd .LASF117
C:\Users\hivan\AppData\Local\Temp\ccxpskJ7.s:2366   .debug_str:0000000000000594 .LASF118
C:\Users\hivan\AppData\Local\Temp\ccxpskJ7.s:2136   .debug_str:000000000000007a .LASF133
C:\Users\hivan\AppData\Local\Temp\ccxpskJ7.s:2320   .debug_str:0000000000000448 .LASF119
C:\Users\hivan\AppData\Local\Temp\ccxpskJ7.s:2348   .debug_str:000000000000053c .LASF120
C:\Users\hivan\AppData\Local\Temp\ccxpskJ7.s:2178   .debug_str:00000000000001b4 .LASF121
C:\Users\hivan\AppData\Local\Temp\ccxpskJ7.s:2290   .debug_str:00000000000003bd .LASF122
C:\Users\hivan\AppData\Local\Temp\ccxpskJ7.s:2124   .debug_str:000000000000002c .LASF123
C:\Users\hivan\AppData\Local\Temp\ccxpskJ7.s:2234   .debug_str:00000000000002c6 .LASF124
C:\Users\hivan\AppData\Local\Temp\ccxpskJ7.s:2250   .debug_str:0000000000000306 .LASF125
C:\Users\hivan\AppData\Local\Temp\ccxpskJ7.s:2254   .debug_str:0000000000000319 .LASF126
C:\Users\hivan\AppData\Local\Temp\ccxpskJ7.s:2330   .debug_str:0000000000000471 .LASF127
C:\Users\hivan\AppData\Local\Temp\ccxpskJ7.s:2376   .debug_str:00000000000005c2 .LASF128
C:\Users\hivan\AppData\Local\Temp\ccxpskJ7.s:2242   .debug_str:00000000000002e3 .LASF129
C:\Users\hivan\AppData\Local\Temp\ccxpskJ7.s:14     .text._read:0000000000000000 .LFB1
C:\Users\hivan\AppData\Local\Temp\ccxpskJ7.s:27     .text._read:0000000000000004 .LFE1
C:\Users\hivan\AppData\Local\Temp\ccxpskJ7.s:2079   .debug_loc:0000000000000000 .LLST0
C:\Users\hivan\AppData\Local\Temp\ccxpskJ7.s:2138   .debug_str:0000000000000085 .LASF134
C:\Users\hivan\AppData\Local\Temp\ccxpskJ7.s:18     .text._read:0000000000000000 .LVL0
C:\Users\hivan\AppData\Local\Temp\ccxpskJ7.s:24     .text._read:0000000000000002 .LVL1
C:\Users\hivan\AppData\Local\Temp\ccxpskJ7.s:39     .debug_info:0000000000000000 .Ldebug_info0

NO UNDEFINED SYMBOLS
