GAS LISTING C:\Users\forss\AppData\Local\Temp\cclCvDiT.s 			page 1


   1              		.file	"close.c"
   2              		.option nopic
   3              		.attribute arch, "rv32i2p0_m2p0_a2p0_c2p0"
   4              		.attribute unaligned_access, 0
   5              		.attribute stack_align, 16
   6              		.text
   7              	.Ltext0:
   8              		.cfi_sections	.debug_frame
   9              		.section	.text._close,"ax",@progbits
  10              		.align	1
  11              		.globl	_close
  13              	_close:
  14              	.LFB1:
  15              		.file 1 "./../../firmware/RISCV/stubs/close.c"
   1:./../../firmware/RISCV/stubs/close.c **** /* See LICENSE of license details. */
   2:./../../firmware/RISCV/stubs/close.c **** 
   3:./../../firmware/RISCV/stubs/close.c **** #include <errno.h>
   4:./../../firmware/RISCV/stubs/close.c **** #include "stub.h"
   5:./../../firmware/RISCV/stubs/close.c **** 
   6:./../../firmware/RISCV/stubs/close.c **** int _close(int fd)
   7:./../../firmware/RISCV/stubs/close.c **** {
  16              		.loc 1 7 1
  17              		.cfi_startproc
  18              	.LVL0:
   8:./../../firmware/RISCV/stubs/close.c ****   return _stub(EBADF);
  19              		.loc 1 8 3
  20              		.file 2 "./../../firmware/RISCV/stubs/stub.h"
   1:./../../firmware/RISCV/stubs/stub.h **** /* See LICENSE of license details. */
   2:./../../firmware/RISCV/stubs/stub.h **** #ifndef _NUCLEI_SYS_STUB_H
   3:./../../firmware/RISCV/stubs/stub.h **** #define _NUCLEI_SYS_STUB_H
   4:./../../firmware/RISCV/stubs/stub.h **** 
   5:./../../firmware/RISCV/stubs/stub.h **** #include <stdint.h>
   6:./../../firmware/RISCV/stubs/stub.h **** #if   defined (__GNUC__)
   7:./../../firmware/RISCV/stubs/stub.h **** #include <unistd.h>
   8:./../../firmware/RISCV/stubs/stub.h **** #endif
   9:./../../firmware/RISCV/stubs/stub.h **** 
  10:./../../firmware/RISCV/stubs/stub.h **** void write_hex(int fd, unsigned long int hex);
  11:./../../firmware/RISCV/stubs/stub.h **** 
  12:./../../firmware/RISCV/stubs/stub.h **** static inline int _stub(int err)
  13:./../../firmware/RISCV/stubs/stub.h **** {
  14:./../../firmware/RISCV/stubs/stub.h ****   return -1;
  21              		.loc 2 14 3
   9:./../../firmware/RISCV/stubs/close.c **** }
  22              		.loc 1 9 1 is_stmt 0
  23 0000 7D55     		li	a0,-1
  24              	.LVL1:
  25 0002 8280     		ret
  26              		.cfi_endproc
  27              	.LFE1:
  29              		.text
  30              	.Letext0:
  31              		.file 3 "c:\\users\\forss\\desktop\\toolchain-gd32v-v202-win\\toolchain-gd32v-v202-win\\compiler\\
  32              		.file 4 "c:\\users\\forss\\desktop\\toolchain-gd32v-v202-win\\toolchain-gd32v-v202-win\\compiler\\
  33              		.file 5 "c:\\users\\forss\\desktop\\toolchain-gd32v-v202-win\\toolchain-gd32v-v202-win\\compiler\\
  34              		.file 6 "c:\\users\\forss\\desktop\\toolchain-gd32v-v202-win\\toolchain-gd32v-v202-win\\compiler\\
  35              		.file 7 "c:\\users\\forss\\desktop\\toolchain-gd32v-v202-win\\toolchain-gd32v-v202-win\\compiler\\
  36              		.file 8 "c:\\users\\forss\\desktop\\toolchain-gd32v-v202-win\\toolchain-gd32v-v202-win\\compiler\\
GAS LISTING C:\Users\forss\AppData\Local\Temp\cclCvDiT.s 			page 2


GAS LISTING C:\Users\forss\AppData\Local\Temp\cclCvDiT.s 			page 3


DEFINED SYMBOLS
                            *ABS*:0000000000000000 close.c
C:\Users\forss\AppData\Local\Temp\cclCvDiT.s:13     .text._close:0000000000000000 _close
C:\Users\forss\AppData\Local\Temp\cclCvDiT.s:17     .text._close:0000000000000000 .L0 
C:\Users\forss\AppData\Local\Temp\cclCvDiT.s:19     .text._close:0000000000000000 .L0 
C:\Users\forss\AppData\Local\Temp\cclCvDiT.s:21     .text._close:0000000000000000 .L0 
C:\Users\forss\AppData\Local\Temp\cclCvDiT.s:22     .text._close:0000000000000000 .L0 
C:\Users\forss\AppData\Local\Temp\cclCvDiT.s:23     .text._close:0000000000000000 .L0 
C:\Users\forss\AppData\Local\Temp\cclCvDiT.s:26     .text._close:0000000000000004 .L0 
C:\Users\forss\AppData\Local\Temp\cclCvDiT.s:29     .text._close:0000000000000004 .L0 
                     .debug_frame:0000000000000000 .L0 
C:\Users\forss\AppData\Local\Temp\cclCvDiT.s:1540   .debug_abbrev:0000000000000000 .Ldebug_abbrev0
C:\Users\forss\AppData\Local\Temp\cclCvDiT.s:2288   .debug_str:000000000000047a .LASF128
C:\Users\forss\AppData\Local\Temp\cclCvDiT.s:2092   .debug_str:00000000000000d5 .LASF129
C:\Users\forss\AppData\Local\Temp\cclCvDiT.s:2080   .debug_str:000000000000003a .LASF130
C:\Users\forss\AppData\Local\Temp\cclCvDiT.s:2060   .debug_ranges:0000000000000000 .Ldebug_ranges0
C:\Users\forss\AppData\Local\Temp\cclCvDiT.s:2066   .debug_line:0000000000000000 .Ldebug_line0
C:\Users\forss\AppData\Local\Temp\cclCvDiT.s:2156   .debug_str:0000000000000218 .LASF0
C:\Users\forss\AppData\Local\Temp\cclCvDiT.s:2172   .debug_str:000000000000026c .LASF1
C:\Users\forss\AppData\Local\Temp\cclCvDiT.s:2098   .debug_str:0000000000000111 .LASF2
C:\Users\forss\AppData\Local\Temp\cclCvDiT.s:2202   .debug_str:00000000000002f6 .LASF3
C:\Users\forss\AppData\Local\Temp\cclCvDiT.s:2186   .debug_str:00000000000002b7 .LASF10
C:\Users\forss\AppData\Local\Temp\cclCvDiT.s:2100   .debug_str:000000000000011f .LASF4
C:\Users\forss\AppData\Local\Temp\cclCvDiT.s:2220   .debug_str:000000000000034f .LASF5
C:\Users\forss\AppData\Local\Temp\cclCvDiT.s:2226   .debug_str:000000000000036b .LASF6
C:\Users\forss\AppData\Local\Temp\cclCvDiT.s:2116   .debug_str:0000000000000164 .LASF7
C:\Users\forss\AppData\Local\Temp\cclCvDiT.s:2166   .debug_str:000000000000024d .LASF8
C:\Users\forss\AppData\Local\Temp\cclCvDiT.s:2082   .debug_str:0000000000000095 .LASF9
C:\Users\forss\AppData\Local\Temp\cclCvDiT.s:2214   .debug_str:000000000000032c .LASF11
C:\Users\forss\AppData\Local\Temp\cclCvDiT.s:2272   .debug_str:000000000000043d .LASF12
C:\Users\forss\AppData\Local\Temp\cclCvDiT.s:2308   .debug_str:000000000000055a .LASF13
C:\Users\forss\AppData\Local\Temp\cclCvDiT.s:2182   .debug_str:00000000000002a9 .LASF14
C:\Users\forss\AppData\Local\Temp\cclCvDiT.s:2158   .debug_str:0000000000000225 .LASF15
C:\Users\forss\AppData\Local\Temp\cclCvDiT.s:2264   .debug_str:000000000000041b .LASF16
C:\Users\forss\AppData\Local\Temp\cclCvDiT.s:2266   .debug_str:0000000000000423 .LASF17
C:\Users\forss\AppData\Local\Temp\cclCvDiT.s:2236   .debug_str:0000000000000393 .LASF18
C:\Users\forss\AppData\Local\Temp\cclCvDiT.s:2294   .debug_str:0000000000000510 .LASF19
C:\Users\forss\AppData\Local\Temp\cclCvDiT.s:2218   .debug_str:000000000000033d .LASF20
C:\Users\forss\AppData\Local\Temp\cclCvDiT.s:2142   .debug_str:00000000000001db .LASF21
C:\Users\forss\AppData\Local\Temp\cclCvDiT.s:2146   .debug_str:00000000000001ec .LASF26
C:\Users\forss\AppData\Local\Temp\cclCvDiT.s:2284   .debug_str:0000000000000467 .LASF22
C:\Users\forss\AppData\Local\Temp\cclCvDiT.s:2258   .debug_str:0000000000000406 .LASF23
C:\Users\forss\AppData\Local\Temp\cclCvDiT.s:2140   .debug_str:00000000000001d5 .LASF24
C:\Users\forss\AppData\Local\Temp\cclCvDiT.s:2302   .debug_str:0000000000000545 .LASF25
C:\Users\forss\AppData\Local\Temp\cclCvDiT.s:2154   .debug_str:0000000000000213 .LASF27
C:\Users\forss\AppData\Local\Temp\cclCvDiT.s:2096   .debug_str:0000000000000108 .LASF28
C:\Users\forss\AppData\Local\Temp\cclCvDiT.s:2278   .debug_str:0000000000000451 .LASF29
C:\Users\forss\AppData\Local\Temp\cclCvDiT.s:2106   .debug_str:0000000000000137 .LASF30
C:\Users\forss\AppData\Local\Temp\cclCvDiT.s:2332   .debug_str:00000000000005c5 .LASF31
C:\Users\forss\AppData\Local\Temp\cclCvDiT.s:2208   .debug_str:0000000000000310 .LASF32
C:\Users\forss\AppData\Local\Temp\cclCvDiT.s:2196   .debug_str:00000000000002dc .LASF33
C:\Users\forss\AppData\Local\Temp\cclCvDiT.s:2304   .debug_str:000000000000054a .LASF34
C:\Users\forss\AppData\Local\Temp\cclCvDiT.s:2228   .debug_str:0000000000000375 .LASF35
C:\Users\forss\AppData\Local\Temp\cclCvDiT.s:2318   .debug_str:0000000000000585 .LASF36
C:\Users\forss\AppData\Local\Temp\cclCvDiT.s:2110   .debug_str:0000000000000146 .LASF37
C:\Users\forss\AppData\Local\Temp\cclCvDiT.s:2136   .debug_str:00000000000001c8 .LASF38
C:\Users\forss\AppData\Local\Temp\cclCvDiT.s:2068   .debug_str:0000000000000000 .LASF39
GAS LISTING C:\Users\forss\AppData\Local\Temp\cclCvDiT.s 			page 4


C:\Users\forss\AppData\Local\Temp\cclCvDiT.s:2290   .debug_str:0000000000000502 .LASF40
C:\Users\forss\AppData\Local\Temp\cclCvDiT.s:2120   .debug_str:0000000000000174 .LASF41
C:\Users\forss\AppData\Local\Temp\cclCvDiT.s:2210   .debug_str:0000000000000319 .LASF42
C:\Users\forss\AppData\Local\Temp\cclCvDiT.s:2250   .debug_str:00000000000003d6 .LASF43
C:\Users\forss\AppData\Local\Temp\cclCvDiT.s:2138   .debug_str:00000000000001d0 .LASF44
C:\Users\forss\AppData\Local\Temp\cclCvDiT.s:2230   .debug_str:000000000000037f .LASF45
C:\Users\forss\AppData\Local\Temp\cclCvDiT.s:2104   .debug_str:0000000000000131 .LASF46
C:\Users\forss\AppData\Local\Temp\cclCvDiT.s:2070   .debug_str:000000000000000c .LASF47
C:\Users\forss\AppData\Local\Temp\cclCvDiT.s:2238   .debug_str:000000000000039e .LASF48
C:\Users\forss\AppData\Local\Temp\cclCvDiT.s:2118   .debug_str:000000000000016d .LASF49
C:\Users\forss\AppData\Local\Temp\cclCvDiT.s:2168   .debug_str:000000000000025f .LASF50
C:\Users\forss\AppData\Local\Temp\cclCvDiT.s:2084   .debug_str:00000000000000ac .LASF51
C:\Users\forss\AppData\Local\Temp\cclCvDiT.s:2112   .debug_str:0000000000000154 .LASF52
C:\Users\forss\AppData\Local\Temp\cclCvDiT.s:2150   .debug_str:0000000000000203 .LASF53
C:\Users\forss\AppData\Local\Temp\cclCvDiT.s:2194   .debug_str:00000000000002d5 .LASF54
C:\Users\forss\AppData\Local\Temp\cclCvDiT.s:2268   .debug_str:000000000000042b .LASF55
C:\Users\forss\AppData\Local\Temp\cclCvDiT.s:2322   .debug_str:000000000000059f .LASF56
C:\Users\forss\AppData\Local\Temp\cclCvDiT.s:2102   .debug_str:000000000000012b .LASF57
C:\Users\forss\AppData\Local\Temp\cclCvDiT.s:2314   .debug_str:0000000000000577 .LASF58
C:\Users\forss\AppData\Local\Temp\cclCvDiT.s:2124   .debug_str:0000000000000183 .LASF59
C:\Users\forss\AppData\Local\Temp\cclCvDiT.s:2130   .debug_str:00000000000001a1 .LASF60
C:\Users\forss\AppData\Local\Temp\cclCvDiT.s:2076   .debug_str:0000000000000025 .LASF61
C:\Users\forss\AppData\Local\Temp\cclCvDiT.s:2188   .debug_str:00000000000002be .LASF62
C:\Users\forss\AppData\Local\Temp\cclCvDiT.s:2242   .debug_str:00000000000003b0 .LASF63
C:\Users\forss\AppData\Local\Temp\cclCvDiT.s:2190   .debug_str:00000000000002c4 .LASF64
C:\Users\forss\AppData\Local\Temp\cclCvDiT.s:2260   .debug_str:000000000000040e .LASF65
C:\Users\forss\AppData\Local\Temp\cclCvDiT.s:2274   .debug_str:0000000000000445 .LASF66
C:\Users\forss\AppData\Local\Temp\cclCvDiT.s:2122   .debug_str:000000000000017c .LASF67
C:\Users\forss\AppData\Local\Temp\cclCvDiT.s:2162   .debug_str:000000000000023d .LASF68
C:\Users\forss\AppData\Local\Temp\cclCvDiT.s:2144   .debug_str:00000000000001e4 .LASF69
C:\Users\forss\AppData\Local\Temp\cclCvDiT.s:2248   .debug_str:00000000000003d1 .LASF70
C:\Users\forss\AppData\Local\Temp\cclCvDiT.s:2074   .debug_str:000000000000001a .LASF71
C:\Users\forss\AppData\Local\Temp\cclCvDiT.s:2256   .debug_str:00000000000003ed .LASF72
C:\Users\forss\AppData\Local\Temp\cclCvDiT.s:2252   .debug_str:00000000000003db .LASF73
C:\Users\forss\AppData\Local\Temp\cclCvDiT.s:2212   .debug_str:0000000000000321 .LASF74
C:\Users\forss\AppData\Local\Temp\cclCvDiT.s:2254   .debug_str:00000000000003e3 .LASF75
C:\Users\forss\AppData\Local\Temp\cclCvDiT.s:2180   .debug_str:00000000000002a1 .LASF76
C:\Users\forss\AppData\Local\Temp\cclCvDiT.s:2152   .debug_str:0000000000000209 .LASF77
C:\Users\forss\AppData\Local\Temp\cclCvDiT.s:2330   .debug_str:00000000000005c0 .LASF78
C:\Users\forss\AppData\Local\Temp\cclCvDiT.s:2216   .debug_str:0000000000000333 .LASF79
C:\Users\forss\AppData\Local\Temp\cclCvDiT.s:2164   .debug_str:0000000000000245 .LASF80
C:\Users\forss\AppData\Local\Temp\cclCvDiT.s:2128   .debug_str:0000000000000199 .LASF81
C:\Users\forss\AppData\Local\Temp\cclCvDiT.s:2222   .debug_str:000000000000035d .LASF82
C:\Users\forss\AppData\Local\Temp\cclCvDiT.s:2174   .debug_str:000000000000027f .LASF83
C:\Users\forss\AppData\Local\Temp\cclCvDiT.s:2312   .debug_str:000000000000056d .LASF84
C:\Users\forss\AppData\Local\Temp\cclCvDiT.s:2114   .debug_str:000000000000015c .LASF85
C:\Users\forss\AppData\Local\Temp\cclCvDiT.s:2108   .debug_str:0000000000000141 .LASF86
C:\Users\forss\AppData\Local\Temp\cclCvDiT.s:2276   .debug_str:000000000000044c .LASF87
C:\Users\forss\AppData\Local\Temp\cclCvDiT.s:2234   .debug_str:000000000000038c .LASF88
C:\Users\forss\AppData\Local\Temp\cclCvDiT.s:2306   .debug_str:0000000000000554 .LASF89
C:\Users\forss\AppData\Local\Temp\cclCvDiT.s:2170   .debug_str:0000000000000265 .LASF90
C:\Users\forss\AppData\Local\Temp\cclCvDiT.s:2232   .debug_str:0000000000000386 .LASF91
C:\Users\forss\AppData\Local\Temp\cclCvDiT.s:2072   .debug_str:0000000000000012 .LASF92
C:\Users\forss\AppData\Local\Temp\cclCvDiT.s:2262   .debug_str:0000000000000415 .LASF93
C:\Users\forss\AppData\Local\Temp\cclCvDiT.s:2282   .debug_str:0000000000000461 .LASF94
C:\Users\forss\AppData\Local\Temp\cclCvDiT.s:2292   .debug_str:000000000000050b .LASF95
C:\Users\forss\AppData\Local\Temp\cclCvDiT.s:2300   .debug_str:0000000000000538 .LASF96
GAS LISTING C:\Users\forss\AppData\Local\Temp\cclCvDiT.s 			page 5


C:\Users\forss\AppData\Local\Temp\cclCvDiT.s:2286   .debug_str:000000000000046d .LASF97
C:\Users\forss\AppData\Local\Temp\cclCvDiT.s:2178   .debug_str:0000000000000294 .LASF98
C:\Users\forss\AppData\Local\Temp\cclCvDiT.s:2320   .debug_str:0000000000000590 .LASF99
C:\Users\forss\AppData\Local\Temp\cclCvDiT.s:2148   .debug_str:00000000000001f4 .LASF100
C:\Users\forss\AppData\Local\Temp\cclCvDiT.s:2244   .debug_str:00000000000003b9 .LASF101
C:\Users\forss\AppData\Local\Temp\cclCvDiT.s:2324   .debug_str:00000000000005a6 .LASF102
C:\Users\forss\AppData\Local\Temp\cclCvDiT.s:2246   .debug_str:00000000000003c4 .LASF103
C:\Users\forss\AppData\Local\Temp\cclCvDiT.s:2328   .debug_str:00000000000005b2 .LASF104
C:\Users\forss\AppData\Local\Temp\cclCvDiT.s:2094   .debug_str:00000000000000fa .LASF105
C:\Users\forss\AppData\Local\Temp\cclCvDiT.s:2310   .debug_str:0000000000000563 .LASF106
C:\Users\forss\AppData\Local\Temp\cclCvDiT.s:2176   .debug_str:0000000000000288 .LASF107
C:\Users\forss\AppData\Local\Temp\cclCvDiT.s:2296   .debug_str:0000000000000518 .LASF108
C:\Users\forss\AppData\Local\Temp\cclCvDiT.s:2134   .debug_str:00000000000001ba .LASF109
C:\Users\forss\AppData\Local\Temp\cclCvDiT.s:2090   .debug_str:00000000000000c6 .LASF110
C:\Users\forss\AppData\Local\Temp\cclCvDiT.s:2132   .debug_str:00000000000001a9 .LASF111
C:\Users\forss\AppData\Local\Temp\cclCvDiT.s:2078   .debug_str:000000000000002b .LASF112
C:\Users\forss\AppData\Local\Temp\cclCvDiT.s:2160   .debug_str:000000000000022c .LASF113
C:\Users\forss\AppData\Local\Temp\cclCvDiT.s:2224   .debug_str:0000000000000362 .LASF114
C:\Users\forss\AppData\Local\Temp\cclCvDiT.s:2206   .debug_str:0000000000000309 .LASF115
C:\Users\forss\AppData\Local\Temp\cclCvDiT.s:2198   .debug_str:00000000000002e6 .LASF116
C:\Users\forss\AppData\Local\Temp\cclCvDiT.s:2316   .debug_str:000000000000057d .LASF117
C:\Users\forss\AppData\Local\Temp\cclCvDiT.s:2086   .debug_str:00000000000000b5 .LASF131
C:\Users\forss\AppData\Local\Temp\cclCvDiT.s:2270   .debug_str:0000000000000431 .LASF118
C:\Users\forss\AppData\Local\Temp\cclCvDiT.s:2298   .debug_str:0000000000000525 .LASF119
C:\Users\forss\AppData\Local\Temp\cclCvDiT.s:2126   .debug_str:000000000000018c .LASF120
C:\Users\forss\AppData\Local\Temp\cclCvDiT.s:2240   .debug_str:00000000000003a6 .LASF121
C:\Users\forss\AppData\Local\Temp\cclCvDiT.s:2184   .debug_str:00000000000002af .LASF122
C:\Users\forss\AppData\Local\Temp\cclCvDiT.s:2200   .debug_str:00000000000002ef .LASF123
C:\Users\forss\AppData\Local\Temp\cclCvDiT.s:2204   .debug_str:0000000000000302 .LASF124
C:\Users\forss\AppData\Local\Temp\cclCvDiT.s:2280   .debug_str:000000000000045a .LASF125
C:\Users\forss\AppData\Local\Temp\cclCvDiT.s:2326   .debug_str:00000000000005ab .LASF126
C:\Users\forss\AppData\Local\Temp\cclCvDiT.s:2192   .debug_str:00000000000002cc .LASF127
C:\Users\forss\AppData\Local\Temp\cclCvDiT.s:14     .text._close:0000000000000000 .LFB1
C:\Users\forss\AppData\Local\Temp\cclCvDiT.s:27     .text._close:0000000000000004 .LFE1
C:\Users\forss\AppData\Local\Temp\cclCvDiT.s:2033   .debug_loc:0000000000000000 .LLST0
C:\Users\forss\AppData\Local\Temp\cclCvDiT.s:2088   .debug_str:00000000000000c0 .LASF132
C:\Users\forss\AppData\Local\Temp\cclCvDiT.s:18     .text._close:0000000000000000 .LVL0
C:\Users\forss\AppData\Local\Temp\cclCvDiT.s:24     .text._close:0000000000000002 .LVL1
C:\Users\forss\AppData\Local\Temp\cclCvDiT.s:38     .debug_info:0000000000000000 .Ldebug_info0

NO UNDEFINED SYMBOLS
