GAS LISTING C:\Users\forss\AppData\Local\Temp\ccauyWGk.s 			page 1


   1              		.file	"lseek.c"
   2              		.option nopic
   3              		.attribute arch, "rv32i2p0_m2p0_a2p0_c2p0"
   4              		.attribute unaligned_access, 0
   5              		.attribute stack_align, 16
   6              		.text
   7              	.Ltext0:
   8              		.cfi_sections	.debug_frame
   9              		.section	.text._lseek,"ax",@progbits
  10              		.align	1
  11              		.globl	_lseek
  13              	_lseek:
  14              	.LFB1:
  15              		.file 1 "./../../firmware/RISCV/stubs/lseek.c"
   1:./../../firmware/RISCV/stubs/lseek.c **** /* See LICENSE of license details. */
   2:./../../firmware/RISCV/stubs/lseek.c **** 
   3:./../../firmware/RISCV/stubs/lseek.c **** #include <errno.h>
   4:./../../firmware/RISCV/stubs/lseek.c **** #include <unistd.h>
   5:./../../firmware/RISCV/stubs/lseek.c **** #include <sys/types.h>
   6:./../../firmware/RISCV/stubs/lseek.c **** #include "stub.h"
   7:./../../firmware/RISCV/stubs/lseek.c **** 
   8:./../../firmware/RISCV/stubs/lseek.c **** off_t _lseek(int fd, off_t ptr, int dir)
   9:./../../firmware/RISCV/stubs/lseek.c **** {
  16              		.loc 1 9 1
  17              		.cfi_startproc
  18              	.LVL0:
  10:./../../firmware/RISCV/stubs/lseek.c ****   if (isatty(fd))
  19              		.loc 1 10 3
   9:./../../firmware/RISCV/stubs/lseek.c ****   if (isatty(fd))
  20              		.loc 1 9 1 is_stmt 0
  21 0000 4111     		addi	sp,sp,-16
  22              	.LCFI0:
  23              		.cfi_def_cfa_offset 16
  24 0002 06C6     		sw	ra,12(sp)
  25              		.cfi_offset 1, -4
  26              		.loc 1 10 7
  27 0004 97000000 		call	isatty
  27      E7800000 
  28              	.LVL1:
  11:./../../firmware/RISCV/stubs/lseek.c ****     return 0;
  12:./../../firmware/RISCV/stubs/lseek.c **** 
  13:./../../firmware/RISCV/stubs/lseek.c ****   return _stub(EBADF);
  14:./../../firmware/RISCV/stubs/lseek.c **** }
  29              		.loc 1 14 1
  30 000c B240     		lw	ra,12(sp)
  31              		.cfi_restore 1
  10:./../../firmware/RISCV/stubs/lseek.c ****     return 0;
  32              		.loc 1 10 6
  33 000e 13351500 		seqz	a0,a0
  34              		.loc 1 14 1
  35 0012 3305A040 		neg	a0,a0
  36 0016 4101     		addi	sp,sp,16
  37              	.LCFI1:
  38              		.cfi_def_cfa_offset 0
  39 0018 8280     		jr	ra
  40              		.cfi_endproc
  41              	.LFE1:
GAS LISTING C:\Users\forss\AppData\Local\Temp\ccauyWGk.s 			page 2


  43              		.text
  44              	.Letext0:
  45              		.file 2 "c:\\users\\forss\\desktop\\toolchain-gd32v-v202-win\\toolchain-gd32v-v202-win\\compiler\\
  46              		.file 3 "c:\\users\\forss\\desktop\\toolchain-gd32v-v202-win\\toolchain-gd32v-v202-win\\compiler\\
  47              		.file 4 "c:\\users\\forss\\desktop\\toolchain-gd32v-v202-win\\toolchain-gd32v-v202-win\\compiler\\
  48              		.file 5 "c:\\users\\forss\\desktop\\toolchain-gd32v-v202-win\\toolchain-gd32v-v202-win\\compiler\\
  49              		.file 6 "c:\\users\\forss\\desktop\\toolchain-gd32v-v202-win\\toolchain-gd32v-v202-win\\compiler\\
  50              		.file 7 "c:\\users\\forss\\desktop\\toolchain-gd32v-v202-win\\toolchain-gd32v-v202-win\\compiler\\
  51              		.file 8 "c:\\users\\forss\\desktop\\toolchain-gd32v-v202-win\\toolchain-gd32v-v202-win\\compiler\\
  52              		.file 9 "./../../firmware/RISCV/stubs/stub.h"
GAS LISTING C:\Users\forss\AppData\Local\Temp\ccauyWGk.s 			page 3


DEFINED SYMBOLS
                            *ABS*:0000000000000000 lseek.c
C:\Users\forss\AppData\Local\Temp\ccauyWGk.s:13     .text._lseek:0000000000000000 _lseek
C:\Users\forss\AppData\Local\Temp\ccauyWGk.s:17     .text._lseek:0000000000000000 .L0 
C:\Users\forss\AppData\Local\Temp\ccauyWGk.s:19     .text._lseek:0000000000000000 .L0 
C:\Users\forss\AppData\Local\Temp\ccauyWGk.s:20     .text._lseek:0000000000000000 .L0 
C:\Users\forss\AppData\Local\Temp\ccauyWGk.s:21     .text._lseek:0000000000000000 .L0 
C:\Users\forss\AppData\Local\Temp\ccauyWGk.s:23     .text._lseek:0000000000000002 .L0 
C:\Users\forss\AppData\Local\Temp\ccauyWGk.s:25     .text._lseek:0000000000000004 .L0 
C:\Users\forss\AppData\Local\Temp\ccauyWGk.s:27     .text._lseek:0000000000000004 .L0 
C:\Users\forss\AppData\Local\Temp\ccauyWGk.s:30     .text._lseek:000000000000000c .L0 
C:\Users\forss\AppData\Local\Temp\ccauyWGk.s:31     .text._lseek:000000000000000e .L0 
C:\Users\forss\AppData\Local\Temp\ccauyWGk.s:33     .text._lseek:000000000000000e .L0 
C:\Users\forss\AppData\Local\Temp\ccauyWGk.s:35     .text._lseek:0000000000000012 .L0 
C:\Users\forss\AppData\Local\Temp\ccauyWGk.s:38     .text._lseek:0000000000000018 .L0 
C:\Users\forss\AppData\Local\Temp\ccauyWGk.s:40     .text._lseek:000000000000001a .L0 
C:\Users\forss\AppData\Local\Temp\ccauyWGk.s:43     .text._lseek:000000000000001a .L0 
                     .debug_frame:0000000000000000 .L0 
C:\Users\forss\AppData\Local\Temp\ccauyWGk.s:1600   .debug_abbrev:0000000000000000 .Ldebug_abbrev0
C:\Users\forss\AppData\Local\Temp\ccauyWGk.s:2441   .debug_str:0000000000000496 .LASF130
C:\Users\forss\AppData\Local\Temp\ccauyWGk.s:2321   .debug_str:000000000000025c .LASF131
C:\Users\forss\AppData\Local\Temp\ccauyWGk.s:2229   .debug_str:0000000000000049 .LASF132
C:\Users\forss\AppData\Local\Temp\ccauyWGk.s:2205   .debug_ranges:0000000000000000 .Ldebug_ranges0
C:\Users\forss\AppData\Local\Temp\ccauyWGk.s:2211   .debug_line:0000000000000000 .Ldebug_line0
C:\Users\forss\AppData\Local\Temp\ccauyWGk.s:2303   .debug_str:0000000000000202 .LASF0
C:\Users\forss\AppData\Local\Temp\ccauyWGk.s:2323   .debug_str:0000000000000281 .LASF1
C:\Users\forss\AppData\Local\Temp\ccauyWGk.s:2245   .debug_str:00000000000000fb .LASF2
C:\Users\forss\AppData\Local\Temp\ccauyWGk.s:2353   .debug_str:000000000000030b .LASF3
C:\Users\forss\AppData\Local\Temp\ccauyWGk.s:2337   .debug_str:00000000000002cc .LASF10
C:\Users\forss\AppData\Local\Temp\ccauyWGk.s:2247   .debug_str:0000000000000109 .LASF4
C:\Users\forss\AppData\Local\Temp\ccauyWGk.s:2373   .debug_str:000000000000036b .LASF5
C:\Users\forss\AppData\Local\Temp\ccauyWGk.s:2379   .debug_str:0000000000000387 .LASF6
C:\Users\forss\AppData\Local\Temp\ccauyWGk.s:2263   .debug_str:000000000000014e .LASF7
C:\Users\forss\AppData\Local\Temp\ccauyWGk.s:2313   .debug_str:0000000000000237 .LASF8
C:\Users\forss\AppData\Local\Temp\ccauyWGk.s:2231   .debug_str:00000000000000a4 .LASF9
C:\Users\forss\AppData\Local\Temp\ccauyWGk.s:2367   .debug_str:0000000000000348 .LASF11
C:\Users\forss\AppData\Local\Temp\ccauyWGk.s:2215   .debug_str:000000000000000c .LASF12
C:\Users\forss\AppData\Local\Temp\ccauyWGk.s:2425   .debug_str:0000000000000459 .LASF13
C:\Users\forss\AppData\Local\Temp\ccauyWGk.s:2461   .debug_str:0000000000000576 .LASF14
C:\Users\forss\AppData\Local\Temp\ccauyWGk.s:2333   .debug_str:00000000000002be .LASF15
C:\Users\forss\AppData\Local\Temp\ccauyWGk.s:2305   .debug_str:000000000000020f .LASF16
C:\Users\forss\AppData\Local\Temp\ccauyWGk.s:2417   .debug_str:0000000000000437 .LASF17
C:\Users\forss\AppData\Local\Temp\ccauyWGk.s:2419   .debug_str:000000000000043f .LASF18
C:\Users\forss\AppData\Local\Temp\ccauyWGk.s:2389   .debug_str:00000000000003af .LASF19
C:\Users\forss\AppData\Local\Temp\ccauyWGk.s:2447   .debug_str:000000000000052c .LASF20
C:\Users\forss\AppData\Local\Temp\ccauyWGk.s:2371   .debug_str:0000000000000359 .LASF21
C:\Users\forss\AppData\Local\Temp\ccauyWGk.s:2289   .debug_str:00000000000001c5 .LASF22
C:\Users\forss\AppData\Local\Temp\ccauyWGk.s:2293   .debug_str:00000000000001d6 .LASF27
C:\Users\forss\AppData\Local\Temp\ccauyWGk.s:2437   .debug_str:0000000000000483 .LASF23
C:\Users\forss\AppData\Local\Temp\ccauyWGk.s:2411   .debug_str:0000000000000422 .LASF24
C:\Users\forss\AppData\Local\Temp\ccauyWGk.s:2287   .debug_str:00000000000001bf .LASF25
C:\Users\forss\AppData\Local\Temp\ccauyWGk.s:2455   .debug_str:0000000000000561 .LASF26
C:\Users\forss\AppData\Local\Temp\ccauyWGk.s:2301   .debug_str:00000000000001fd .LASF28
C:\Users\forss\AppData\Local\Temp\ccauyWGk.s:2243   .debug_str:00000000000000f2 .LASF29
C:\Users\forss\AppData\Local\Temp\ccauyWGk.s:2431   .debug_str:000000000000046d .LASF30
C:\Users\forss\AppData\Local\Temp\ccauyWGk.s:2253   .debug_str:0000000000000121 .LASF31
C:\Users\forss\AppData\Local\Temp\ccauyWGk.s:2485   .debug_str:00000000000005e1 .LASF32
GAS LISTING C:\Users\forss\AppData\Local\Temp\ccauyWGk.s 			page 4


C:\Users\forss\AppData\Local\Temp\ccauyWGk.s:2359   .debug_str:0000000000000325 .LASF33
C:\Users\forss\AppData\Local\Temp\ccauyWGk.s:2347   .debug_str:00000000000002f1 .LASF34
C:\Users\forss\AppData\Local\Temp\ccauyWGk.s:2457   .debug_str:0000000000000566 .LASF35
C:\Users\forss\AppData\Local\Temp\ccauyWGk.s:2381   .debug_str:0000000000000391 .LASF36
C:\Users\forss\AppData\Local\Temp\ccauyWGk.s:2471   .debug_str:00000000000005a1 .LASF37
C:\Users\forss\AppData\Local\Temp\ccauyWGk.s:2257   .debug_str:0000000000000130 .LASF38
C:\Users\forss\AppData\Local\Temp\ccauyWGk.s:2283   .debug_str:00000000000001b2 .LASF39
C:\Users\forss\AppData\Local\Temp\ccauyWGk.s:2213   .debug_str:0000000000000000 .LASF40
C:\Users\forss\AppData\Local\Temp\ccauyWGk.s:2443   .debug_str:000000000000051e .LASF41
C:\Users\forss\AppData\Local\Temp\ccauyWGk.s:2267   .debug_str:000000000000015e .LASF42
C:\Users\forss\AppData\Local\Temp\ccauyWGk.s:2361   .debug_str:000000000000032e .LASF43
C:\Users\forss\AppData\Local\Temp\ccauyWGk.s:2403   .debug_str:00000000000003f2 .LASF44
C:\Users\forss\AppData\Local\Temp\ccauyWGk.s:2285   .debug_str:00000000000001ba .LASF45
C:\Users\forss\AppData\Local\Temp\ccauyWGk.s:2383   .debug_str:000000000000039b .LASF46
C:\Users\forss\AppData\Local\Temp\ccauyWGk.s:2251   .debug_str:000000000000011b .LASF47
C:\Users\forss\AppData\Local\Temp\ccauyWGk.s:2219   .debug_str:000000000000001b .LASF48
C:\Users\forss\AppData\Local\Temp\ccauyWGk.s:2391   .debug_str:00000000000003ba .LASF49
C:\Users\forss\AppData\Local\Temp\ccauyWGk.s:2265   .debug_str:0000000000000157 .LASF50
C:\Users\forss\AppData\Local\Temp\ccauyWGk.s:2315   .debug_str:0000000000000249 .LASF51
C:\Users\forss\AppData\Local\Temp\ccauyWGk.s:2233   .debug_str:00000000000000bb .LASF52
C:\Users\forss\AppData\Local\Temp\ccauyWGk.s:2259   .debug_str:000000000000013e .LASF53
C:\Users\forss\AppData\Local\Temp\ccauyWGk.s:2297   .debug_str:00000000000001ed .LASF54
C:\Users\forss\AppData\Local\Temp\ccauyWGk.s:2345   .debug_str:00000000000002ea .LASF55
C:\Users\forss\AppData\Local\Temp\ccauyWGk.s:2421   .debug_str:0000000000000447 .LASF56
C:\Users\forss\AppData\Local\Temp\ccauyWGk.s:2475   .debug_str:00000000000005bb .LASF57
C:\Users\forss\AppData\Local\Temp\ccauyWGk.s:2249   .debug_str:0000000000000115 .LASF58
C:\Users\forss\AppData\Local\Temp\ccauyWGk.s:2467   .debug_str:0000000000000593 .LASF59
C:\Users\forss\AppData\Local\Temp\ccauyWGk.s:2271   .debug_str:000000000000016d .LASF60
C:\Users\forss\AppData\Local\Temp\ccauyWGk.s:2277   .debug_str:000000000000018b .LASF61
C:\Users\forss\AppData\Local\Temp\ccauyWGk.s:2225   .debug_str:0000000000000034 .LASF62
C:\Users\forss\AppData\Local\Temp\ccauyWGk.s:2339   .debug_str:00000000000002d3 .LASF63
C:\Users\forss\AppData\Local\Temp\ccauyWGk.s:2395   .debug_str:00000000000003cc .LASF64
C:\Users\forss\AppData\Local\Temp\ccauyWGk.s:2341   .debug_str:00000000000002d9 .LASF65
C:\Users\forss\AppData\Local\Temp\ccauyWGk.s:2413   .debug_str:000000000000042a .LASF66
C:\Users\forss\AppData\Local\Temp\ccauyWGk.s:2427   .debug_str:0000000000000461 .LASF67
C:\Users\forss\AppData\Local\Temp\ccauyWGk.s:2269   .debug_str:0000000000000166 .LASF68
C:\Users\forss\AppData\Local\Temp\ccauyWGk.s:2309   .debug_str:0000000000000227 .LASF69
C:\Users\forss\AppData\Local\Temp\ccauyWGk.s:2291   .debug_str:00000000000001ce .LASF70
C:\Users\forss\AppData\Local\Temp\ccauyWGk.s:2401   .debug_str:00000000000003ed .LASF71
C:\Users\forss\AppData\Local\Temp\ccauyWGk.s:2223   .debug_str:0000000000000029 .LASF72
C:\Users\forss\AppData\Local\Temp\ccauyWGk.s:2409   .debug_str:0000000000000409 .LASF73
C:\Users\forss\AppData\Local\Temp\ccauyWGk.s:2405   .debug_str:00000000000003f7 .LASF74
C:\Users\forss\AppData\Local\Temp\ccauyWGk.s:2365   .debug_str:000000000000033d .LASF75
C:\Users\forss\AppData\Local\Temp\ccauyWGk.s:2407   .debug_str:00000000000003ff .LASF76
C:\Users\forss\AppData\Local\Temp\ccauyWGk.s:2331   .debug_str:00000000000002b6 .LASF77
C:\Users\forss\AppData\Local\Temp\ccauyWGk.s:2299   .debug_str:00000000000001f3 .LASF78
C:\Users\forss\AppData\Local\Temp\ccauyWGk.s:2483   .debug_str:00000000000005dc .LASF79
C:\Users\forss\AppData\Local\Temp\ccauyWGk.s:2369   .debug_str:000000000000034f .LASF80
C:\Users\forss\AppData\Local\Temp\ccauyWGk.s:2311   .debug_str:000000000000022f .LASF81
C:\Users\forss\AppData\Local\Temp\ccauyWGk.s:2275   .debug_str:0000000000000183 .LASF82
C:\Users\forss\AppData\Local\Temp\ccauyWGk.s:2375   .debug_str:0000000000000379 .LASF83
C:\Users\forss\AppData\Local\Temp\ccauyWGk.s:2325   .debug_str:0000000000000294 .LASF84
C:\Users\forss\AppData\Local\Temp\ccauyWGk.s:2465   .debug_str:0000000000000589 .LASF85
C:\Users\forss\AppData\Local\Temp\ccauyWGk.s:2261   .debug_str:0000000000000146 .LASF86
C:\Users\forss\AppData\Local\Temp\ccauyWGk.s:2255   .debug_str:000000000000012b .LASF87
C:\Users\forss\AppData\Local\Temp\ccauyWGk.s:2429   .debug_str:0000000000000468 .LASF88
C:\Users\forss\AppData\Local\Temp\ccauyWGk.s:2387   .debug_str:00000000000003a8 .LASF89
GAS LISTING C:\Users\forss\AppData\Local\Temp\ccauyWGk.s 			page 5


C:\Users\forss\AppData\Local\Temp\ccauyWGk.s:2459   .debug_str:0000000000000570 .LASF90
C:\Users\forss\AppData\Local\Temp\ccauyWGk.s:2319   .debug_str:0000000000000255 .LASF91
C:\Users\forss\AppData\Local\Temp\ccauyWGk.s:2385   .debug_str:00000000000003a2 .LASF92
C:\Users\forss\AppData\Local\Temp\ccauyWGk.s:2221   .debug_str:0000000000000021 .LASF93
C:\Users\forss\AppData\Local\Temp\ccauyWGk.s:2415   .debug_str:0000000000000431 .LASF94
C:\Users\forss\AppData\Local\Temp\ccauyWGk.s:2435   .debug_str:000000000000047d .LASF95
C:\Users\forss\AppData\Local\Temp\ccauyWGk.s:2445   .debug_str:0000000000000527 .LASF96
C:\Users\forss\AppData\Local\Temp\ccauyWGk.s:2453   .debug_str:0000000000000554 .LASF97
C:\Users\forss\AppData\Local\Temp\ccauyWGk.s:2439   .debug_str:0000000000000489 .LASF98
C:\Users\forss\AppData\Local\Temp\ccauyWGk.s:2329   .debug_str:00000000000002a9 .LASF99
C:\Users\forss\AppData\Local\Temp\ccauyWGk.s:2473   .debug_str:00000000000005ac .LASF100
C:\Users\forss\AppData\Local\Temp\ccauyWGk.s:2295   .debug_str:00000000000001de .LASF101
C:\Users\forss\AppData\Local\Temp\ccauyWGk.s:2397   .debug_str:00000000000003d5 .LASF102
C:\Users\forss\AppData\Local\Temp\ccauyWGk.s:2477   .debug_str:00000000000005c2 .LASF103
C:\Users\forss\AppData\Local\Temp\ccauyWGk.s:2399   .debug_str:00000000000003e0 .LASF104
C:\Users\forss\AppData\Local\Temp\ccauyWGk.s:2481   .debug_str:00000000000005ce .LASF105
C:\Users\forss\AppData\Local\Temp\ccauyWGk.s:2241   .debug_str:00000000000000e4 .LASF106
C:\Users\forss\AppData\Local\Temp\ccauyWGk.s:2463   .debug_str:000000000000057f .LASF107
C:\Users\forss\AppData\Local\Temp\ccauyWGk.s:2327   .debug_str:000000000000029d .LASF108
C:\Users\forss\AppData\Local\Temp\ccauyWGk.s:2449   .debug_str:0000000000000534 .LASF109
C:\Users\forss\AppData\Local\Temp\ccauyWGk.s:2281   .debug_str:00000000000001a4 .LASF110
C:\Users\forss\AppData\Local\Temp\ccauyWGk.s:2239   .debug_str:00000000000000d5 .LASF111
C:\Users\forss\AppData\Local\Temp\ccauyWGk.s:2279   .debug_str:0000000000000193 .LASF112
C:\Users\forss\AppData\Local\Temp\ccauyWGk.s:2227   .debug_str:000000000000003a .LASF113
C:\Users\forss\AppData\Local\Temp\ccauyWGk.s:2307   .debug_str:0000000000000216 .LASF114
C:\Users\forss\AppData\Local\Temp\ccauyWGk.s:2377   .debug_str:000000000000037e .LASF115
C:\Users\forss\AppData\Local\Temp\ccauyWGk.s:2357   .debug_str:000000000000031e .LASF116
C:\Users\forss\AppData\Local\Temp\ccauyWGk.s:2349   .debug_str:00000000000002fb .LASF117
C:\Users\forss\AppData\Local\Temp\ccauyWGk.s:2469   .debug_str:0000000000000599 .LASF118
C:\Users\forss\AppData\Local\Temp\ccauyWGk.s:2235   .debug_str:00000000000000c4 .LASF133
C:\Users\forss\AppData\Local\Temp\ccauyWGk.s:2423   .debug_str:000000000000044d .LASF119
C:\Users\forss\AppData\Local\Temp\ccauyWGk.s:2451   .debug_str:0000000000000541 .LASF120
C:\Users\forss\AppData\Local\Temp\ccauyWGk.s:2273   .debug_str:0000000000000176 .LASF121
C:\Users\forss\AppData\Local\Temp\ccauyWGk.s:2393   .debug_str:00000000000003c2 .LASF122
C:\Users\forss\AppData\Local\Temp\ccauyWGk.s:2317   .debug_str:000000000000024f .LASF123
C:\Users\forss\AppData\Local\Temp\ccauyWGk.s:2335   .debug_str:00000000000002c4 .LASF124
C:\Users\forss\AppData\Local\Temp\ccauyWGk.s:2351   .debug_str:0000000000000304 .LASF125
C:\Users\forss\AppData\Local\Temp\ccauyWGk.s:2355   .debug_str:0000000000000317 .LASF126
C:\Users\forss\AppData\Local\Temp\ccauyWGk.s:2433   .debug_str:0000000000000476 .LASF127
C:\Users\forss\AppData\Local\Temp\ccauyWGk.s:2479   .debug_str:00000000000005c7 .LASF128
C:\Users\forss\AppData\Local\Temp\ccauyWGk.s:2343   .debug_str:00000000000002e1 .LASF129
C:\Users\forss\AppData\Local\Temp\ccauyWGk.s:2363   .debug_str:0000000000000336 .LASF134
C:\Users\forss\AppData\Local\Temp\ccauyWGk.s:14     .text._lseek:0000000000000000 .LFB1
C:\Users\forss\AppData\Local\Temp\ccauyWGk.s:41     .text._lseek:000000000000001a .LFE1
C:\Users\forss\AppData\Local\Temp\ccauyWGk.s:2132   .debug_loc:0000000000000000 .LLST0
C:\Users\forss\AppData\Local\Temp\ccauyWGk.s:2150   .debug_loc:000000000000002c .LLST1
C:\Users\forss\AppData\Local\Temp\ccauyWGk.s:2164   .debug_loc:000000000000004d .LLST2
C:\Users\forss\AppData\Local\Temp\ccauyWGk.s:2178   .debug_loc:000000000000006e .LLST3
C:\Users\forss\AppData\Local\Temp\ccauyWGk.s:28     .text._lseek:000000000000000c .LVL1
C:\Users\forss\AppData\Local\Temp\ccauyWGk.s:2237   .debug_str:00000000000000cf .LASF135
C:\Users\forss\AppData\Local\Temp\ccauyWGk.s:2217   .debug_str:0000000000000014 .LASF136
C:\Users\forss\AppData\Local\Temp\ccauyWGk.s:22     .text._lseek:0000000000000002 .LCFI0
C:\Users\forss\AppData\Local\Temp\ccauyWGk.s:37     .text._lseek:0000000000000018 .LCFI1
C:\Users\forss\AppData\Local\Temp\ccauyWGk.s:18     .text._lseek:0000000000000000 .LVL0
C:\Users\forss\AppData\Local\Temp\ccauyWGk.s:54     .debug_info:0000000000000000 .Ldebug_info0

UNDEFINED SYMBOLS
GAS LISTING C:\Users\forss\AppData\Local\Temp\ccauyWGk.s 			page 6


isatty
