GAS LISTING C:\Users\forss\AppData\Local\Temp\cco3PlFw.s 			page 1


   1              		.file	"read.c"
   2              		.option nopic
   3              		.attribute arch, "rv32i2p0_m2p0_a2p0_c2p0"
   4              		.attribute unaligned_access, 0
   5              		.attribute stack_align, 16
   6              		.text
   7              	.Ltext0:
   8              		.cfi_sections	.debug_frame
   9              		.section	.text._read,"ax",@progbits
  10              		.align	1
  11              		.globl	_read
  13              	_read:
  14              	.LFB1:
  15              		.file 1 "./../../firmware/RISCV/stubs/read.c"
   1:./../../firmware/RISCV/stubs/read.c **** /* See LICENSE of license details. */
   2:./../../firmware/RISCV/stubs/read.c **** 
   3:./../../firmware/RISCV/stubs/read.c **** #include <stdint.h>
   4:./../../firmware/RISCV/stubs/read.c **** #include <errno.h>
   5:./../../firmware/RISCV/stubs/read.c **** #include <unistd.h>
   6:./../../firmware/RISCV/stubs/read.c **** #include <sys/types.h>
   7:./../../firmware/RISCV/stubs/read.c **** 
   8:./../../firmware/RISCV/stubs/read.c **** #include "stub.h"
   9:./../../firmware/RISCV/stubs/read.c **** 
  10:./../../firmware/RISCV/stubs/read.c **** ssize_t _read(int fd, void* ptr, size_t len)
  11:./../../firmware/RISCV/stubs/read.c **** {
  16              		.loc 1 11 1
  17              		.cfi_startproc
  18              	.LVL0:
  12:./../../firmware/RISCV/stubs/read.c ****   return _stub(EBADF);
  19              		.loc 1 12 3
  20              		.file 2 "./../../firmware/RISCV/stubs/stub.h"
   1:./../../firmware/RISCV/stubs/stub.h **** /* See LICENSE of license details. */
   2:./../../firmware/RISCV/stubs/stub.h **** #ifndef _NUCLEI_SYS_STUB_H
   3:./../../firmware/RISCV/stubs/stub.h **** #define _NUCLEI_SYS_STUB_H
   4:./../../firmware/RISCV/stubs/stub.h **** 
   5:./../../firmware/RISCV/stubs/stub.h **** #include <stdint.h>
   6:./../../firmware/RISCV/stubs/stub.h **** #if   defined (__GNUC__)
   7:./../../firmware/RISCV/stubs/stub.h **** #include <unistd.h>
   8:./../../firmware/RISCV/stubs/stub.h **** #endif
   9:./../../firmware/RISCV/stubs/stub.h **** 
  10:./../../firmware/RISCV/stubs/stub.h **** void write_hex(int fd, unsigned long int hex);
  11:./../../firmware/RISCV/stubs/stub.h **** 
  12:./../../firmware/RISCV/stubs/stub.h **** static inline int _stub(int err)
  13:./../../firmware/RISCV/stubs/stub.h **** {
  14:./../../firmware/RISCV/stubs/stub.h ****   return -1;
  21              		.loc 2 14 3
  13:./../../firmware/RISCV/stubs/read.c **** }
  22              		.loc 1 13 1 is_stmt 0
  23 0000 7D55     		li	a0,-1
  24              	.LVL1:
  25 0002 8280     		ret
  26              		.cfi_endproc
  27              	.LFE1:
  29              		.text
  30              	.Letext0:
  31              		.file 3 "c:\\users\\forss\\desktop\\toolchain-gd32v-v202-win\\toolchain-gd32v-v202-win\\compiler\\
  32              		.file 4 "c:\\users\\forss\\desktop\\toolchain-gd32v-v202-win\\toolchain-gd32v-v202-win\\compiler\\
GAS LISTING C:\Users\forss\AppData\Local\Temp\cco3PlFw.s 			page 2


  33              		.file 5 "c:\\users\\forss\\desktop\\toolchain-gd32v-v202-win\\toolchain-gd32v-v202-win\\compiler\\
  34              		.file 6 "c:\\users\\forss\\desktop\\toolchain-gd32v-v202-win\\toolchain-gd32v-v202-win\\compiler\\
  35              		.file 7 "c:\\users\\forss\\desktop\\toolchain-gd32v-v202-win\\toolchain-gd32v-v202-win\\compiler\\
  36              		.file 8 "c:\\users\\forss\\desktop\\toolchain-gd32v-v202-win\\toolchain-gd32v-v202-win\\compiler\\
  37              		.file 9 "c:\\users\\forss\\desktop\\toolchain-gd32v-v202-win\\toolchain-gd32v-v202-win\\compiler\\
GAS LISTING C:\Users\forss\AppData\Local\Temp\cco3PlFw.s 			page 3


DEFINED SYMBOLS
                            *ABS*:0000000000000000 read.c
C:\Users\forss\AppData\Local\Temp\cco3PlFw.s:13     .text._read:0000000000000000 _read
C:\Users\forss\AppData\Local\Temp\cco3PlFw.s:17     .text._read:0000000000000000 .L0 
C:\Users\forss\AppData\Local\Temp\cco3PlFw.s:19     .text._read:0000000000000000 .L0 
C:\Users\forss\AppData\Local\Temp\cco3PlFw.s:21     .text._read:0000000000000000 .L0 
C:\Users\forss\AppData\Local\Temp\cco3PlFw.s:22     .text._read:0000000000000000 .L0 
C:\Users\forss\AppData\Local\Temp\cco3PlFw.s:23     .text._read:0000000000000000 .L0 
C:\Users\forss\AppData\Local\Temp\cco3PlFw.s:26     .text._read:0000000000000004 .L0 
C:\Users\forss\AppData\Local\Temp\cco3PlFw.s:29     .text._read:0000000000000004 .L0 
                     .debug_frame:0000000000000000 .L0 
C:\Users\forss\AppData\Local\Temp\cco3PlFw.s:1569   .debug_abbrev:0000000000000000 .Ldebug_abbrev0
C:\Users\forss\AppData\Local\Temp\cco3PlFw.s:2338   .debug_str:0000000000000488 .LASF130
C:\Users\forss\AppData\Local\Temp\cco3PlFw.s:2142   .debug_str:00000000000000e4 .LASF131
C:\Users\forss\AppData\Local\Temp\cco3PlFw.s:2130   .debug_str:0000000000000049 .LASF132
C:\Users\forss\AppData\Local\Temp\cco3PlFw.s:2106   .debug_ranges:0000000000000000 .Ldebug_ranges0
C:\Users\forss\AppData\Local\Temp\cco3PlFw.s:2112   .debug_line:0000000000000000 .Ldebug_line0
C:\Users\forss\AppData\Local\Temp\cco3PlFw.s:2150   .debug_str:000000000000012d .LASF0
C:\Users\forss\AppData\Local\Temp\cco3PlFw.s:2270   .debug_str:000000000000035d .LASF1
C:\Users\forss\AppData\Local\Temp\cco3PlFw.s:2276   .debug_str:0000000000000379 .LASF2
C:\Users\forss\AppData\Local\Temp\cco3PlFw.s:2222   .debug_str:000000000000027a .LASF3
C:\Users\forss\AppData\Local\Temp\cco3PlFw.s:2166   .debug_str:0000000000000172 .LASF4
C:\Users\forss\AppData\Local\Temp\cco3PlFw.s:2216   .debug_str:000000000000025b .LASF5
C:\Users\forss\AppData\Local\Temp\cco3PlFw.s:2148   .debug_str:000000000000011f .LASF6
C:\Users\forss\AppData\Local\Temp\cco3PlFw.s:2132   .debug_str:00000000000000a4 .LASF7
C:\Users\forss\AppData\Local\Temp\cco3PlFw.s:2206   .debug_str:0000000000000226 .LASF8
C:\Users\forss\AppData\Local\Temp\cco3PlFw.s:2118   .debug_str:0000000000000012 .LASF10
C:\Users\forss\AppData\Local\Temp\cco3PlFw.s:2252   .debug_str:0000000000000304 .LASF9
C:\Users\forss\AppData\Local\Temp\cco3PlFw.s:2236   .debug_str:00000000000002c5 .LASF11
C:\Users\forss\AppData\Local\Temp\cco3PlFw.s:2264   .debug_str:000000000000033a .LASF12
C:\Users\forss\AppData\Local\Temp\cco3PlFw.s:2322   .debug_str:000000000000044b .LASF13
C:\Users\forss\AppData\Local\Temp\cco3PlFw.s:2358   .debug_str:0000000000000568 .LASF14
C:\Users\forss\AppData\Local\Temp\cco3PlFw.s:2232   .debug_str:00000000000002b7 .LASF15
C:\Users\forss\AppData\Local\Temp\cco3PlFw.s:2208   .debug_str:0000000000000233 .LASF16
C:\Users\forss\AppData\Local\Temp\cco3PlFw.s:2314   .debug_str:0000000000000429 .LASF17
C:\Users\forss\AppData\Local\Temp\cco3PlFw.s:2316   .debug_str:0000000000000431 .LASF18
C:\Users\forss\AppData\Local\Temp\cco3PlFw.s:2286   .debug_str:00000000000003a1 .LASF19
C:\Users\forss\AppData\Local\Temp\cco3PlFw.s:2344   .debug_str:000000000000051e .LASF20
C:\Users\forss\AppData\Local\Temp\cco3PlFw.s:2268   .debug_str:000000000000034b .LASF21
C:\Users\forss\AppData\Local\Temp\cco3PlFw.s:2192   .debug_str:00000000000001e9 .LASF22
C:\Users\forss\AppData\Local\Temp\cco3PlFw.s:2196   .debug_str:00000000000001fa .LASF27
C:\Users\forss\AppData\Local\Temp\cco3PlFw.s:2334   .debug_str:0000000000000475 .LASF23
C:\Users\forss\AppData\Local\Temp\cco3PlFw.s:2308   .debug_str:0000000000000414 .LASF24
C:\Users\forss\AppData\Local\Temp\cco3PlFw.s:2190   .debug_str:00000000000001e3 .LASF25
C:\Users\forss\AppData\Local\Temp\cco3PlFw.s:2352   .debug_str:0000000000000553 .LASF26
C:\Users\forss\AppData\Local\Temp\cco3PlFw.s:2204   .debug_str:0000000000000221 .LASF28
C:\Users\forss\AppData\Local\Temp\cco3PlFw.s:2146   .debug_str:0000000000000116 .LASF29
C:\Users\forss\AppData\Local\Temp\cco3PlFw.s:2328   .debug_str:000000000000045f .LASF30
C:\Users\forss\AppData\Local\Temp\cco3PlFw.s:2156   .debug_str:0000000000000145 .LASF31
C:\Users\forss\AppData\Local\Temp\cco3PlFw.s:2382   .debug_str:00000000000005d3 .LASF32
C:\Users\forss\AppData\Local\Temp\cco3PlFw.s:2258   .debug_str:000000000000031e .LASF33
C:\Users\forss\AppData\Local\Temp\cco3PlFw.s:2246   .debug_str:00000000000002ea .LASF34
C:\Users\forss\AppData\Local\Temp\cco3PlFw.s:2354   .debug_str:0000000000000558 .LASF35
C:\Users\forss\AppData\Local\Temp\cco3PlFw.s:2278   .debug_str:0000000000000383 .LASF36
C:\Users\forss\AppData\Local\Temp\cco3PlFw.s:2368   .debug_str:0000000000000593 .LASF37
C:\Users\forss\AppData\Local\Temp\cco3PlFw.s:2160   .debug_str:0000000000000154 .LASF38
C:\Users\forss\AppData\Local\Temp\cco3PlFw.s:2186   .debug_str:00000000000001d6 .LASF39
GAS LISTING C:\Users\forss\AppData\Local\Temp\cco3PlFw.s 			page 4


C:\Users\forss\AppData\Local\Temp\cco3PlFw.s:2114   .debug_str:0000000000000000 .LASF40
C:\Users\forss\AppData\Local\Temp\cco3PlFw.s:2340   .debug_str:0000000000000510 .LASF41
C:\Users\forss\AppData\Local\Temp\cco3PlFw.s:2170   .debug_str:0000000000000182 .LASF42
C:\Users\forss\AppData\Local\Temp\cco3PlFw.s:2260   .debug_str:0000000000000327 .LASF43
C:\Users\forss\AppData\Local\Temp\cco3PlFw.s:2300   .debug_str:00000000000003e4 .LASF44
C:\Users\forss\AppData\Local\Temp\cco3PlFw.s:2188   .debug_str:00000000000001de .LASF45
C:\Users\forss\AppData\Local\Temp\cco3PlFw.s:2280   .debug_str:000000000000038d .LASF46
C:\Users\forss\AppData\Local\Temp\cco3PlFw.s:2154   .debug_str:000000000000013f .LASF47
C:\Users\forss\AppData\Local\Temp\cco3PlFw.s:2116   .debug_str:000000000000000c .LASF48
C:\Users\forss\AppData\Local\Temp\cco3PlFw.s:2288   .debug_str:00000000000003ac .LASF49
C:\Users\forss\AppData\Local\Temp\cco3PlFw.s:2168   .debug_str:000000000000017b .LASF50
C:\Users\forss\AppData\Local\Temp\cco3PlFw.s:2218   .debug_str:000000000000026d .LASF51
C:\Users\forss\AppData\Local\Temp\cco3PlFw.s:2134   .debug_str:00000000000000bb .LASF52
C:\Users\forss\AppData\Local\Temp\cco3PlFw.s:2162   .debug_str:0000000000000162 .LASF53
C:\Users\forss\AppData\Local\Temp\cco3PlFw.s:2200   .debug_str:0000000000000211 .LASF54
C:\Users\forss\AppData\Local\Temp\cco3PlFw.s:2244   .debug_str:00000000000002e3 .LASF55
C:\Users\forss\AppData\Local\Temp\cco3PlFw.s:2318   .debug_str:0000000000000439 .LASF56
C:\Users\forss\AppData\Local\Temp\cco3PlFw.s:2372   .debug_str:00000000000005ad .LASF57
C:\Users\forss\AppData\Local\Temp\cco3PlFw.s:2152   .debug_str:0000000000000139 .LASF58
C:\Users\forss\AppData\Local\Temp\cco3PlFw.s:2364   .debug_str:0000000000000585 .LASF59
C:\Users\forss\AppData\Local\Temp\cco3PlFw.s:2174   .debug_str:0000000000000191 .LASF60
C:\Users\forss\AppData\Local\Temp\cco3PlFw.s:2180   .debug_str:00000000000001af .LASF61
C:\Users\forss\AppData\Local\Temp\cco3PlFw.s:2126   .debug_str:0000000000000034 .LASF62
C:\Users\forss\AppData\Local\Temp\cco3PlFw.s:2238   .debug_str:00000000000002cc .LASF63
C:\Users\forss\AppData\Local\Temp\cco3PlFw.s:2292   .debug_str:00000000000003be .LASF64
C:\Users\forss\AppData\Local\Temp\cco3PlFw.s:2240   .debug_str:00000000000002d2 .LASF65
C:\Users\forss\AppData\Local\Temp\cco3PlFw.s:2310   .debug_str:000000000000041c .LASF66
C:\Users\forss\AppData\Local\Temp\cco3PlFw.s:2324   .debug_str:0000000000000453 .LASF67
C:\Users\forss\AppData\Local\Temp\cco3PlFw.s:2172   .debug_str:000000000000018a .LASF68
C:\Users\forss\AppData\Local\Temp\cco3PlFw.s:2212   .debug_str:000000000000024b .LASF69
C:\Users\forss\AppData\Local\Temp\cco3PlFw.s:2194   .debug_str:00000000000001f2 .LASF70
C:\Users\forss\AppData\Local\Temp\cco3PlFw.s:2298   .debug_str:00000000000003df .LASF71
C:\Users\forss\AppData\Local\Temp\cco3PlFw.s:2122   .debug_str:0000000000000021 .LASF72
C:\Users\forss\AppData\Local\Temp\cco3PlFw.s:2306   .debug_str:00000000000003fb .LASF73
C:\Users\forss\AppData\Local\Temp\cco3PlFw.s:2302   .debug_str:00000000000003e9 .LASF74
C:\Users\forss\AppData\Local\Temp\cco3PlFw.s:2262   .debug_str:000000000000032f .LASF75
C:\Users\forss\AppData\Local\Temp\cco3PlFw.s:2304   .debug_str:00000000000003f1 .LASF76
C:\Users\forss\AppData\Local\Temp\cco3PlFw.s:2230   .debug_str:00000000000002af .LASF77
C:\Users\forss\AppData\Local\Temp\cco3PlFw.s:2202   .debug_str:0000000000000217 .LASF78
C:\Users\forss\AppData\Local\Temp\cco3PlFw.s:2380   .debug_str:00000000000005ce .LASF79
C:\Users\forss\AppData\Local\Temp\cco3PlFw.s:2266   .debug_str:0000000000000341 .LASF80
C:\Users\forss\AppData\Local\Temp\cco3PlFw.s:2214   .debug_str:0000000000000253 .LASF81
C:\Users\forss\AppData\Local\Temp\cco3PlFw.s:2178   .debug_str:00000000000001a7 .LASF82
C:\Users\forss\AppData\Local\Temp\cco3PlFw.s:2272   .debug_str:000000000000036b .LASF83
C:\Users\forss\AppData\Local\Temp\cco3PlFw.s:2224   .debug_str:000000000000028d .LASF84
C:\Users\forss\AppData\Local\Temp\cco3PlFw.s:2362   .debug_str:000000000000057b .LASF85
C:\Users\forss\AppData\Local\Temp\cco3PlFw.s:2164   .debug_str:000000000000016a .LASF86
C:\Users\forss\AppData\Local\Temp\cco3PlFw.s:2158   .debug_str:000000000000014f .LASF87
C:\Users\forss\AppData\Local\Temp\cco3PlFw.s:2326   .debug_str:000000000000045a .LASF88
C:\Users\forss\AppData\Local\Temp\cco3PlFw.s:2284   .debug_str:000000000000039a .LASF89
C:\Users\forss\AppData\Local\Temp\cco3PlFw.s:2356   .debug_str:0000000000000562 .LASF90
C:\Users\forss\AppData\Local\Temp\cco3PlFw.s:2220   .debug_str:0000000000000273 .LASF91
C:\Users\forss\AppData\Local\Temp\cco3PlFw.s:2282   .debug_str:0000000000000394 .LASF92
C:\Users\forss\AppData\Local\Temp\cco3PlFw.s:2120   .debug_str:0000000000000019 .LASF93
C:\Users\forss\AppData\Local\Temp\cco3PlFw.s:2312   .debug_str:0000000000000423 .LASF94
C:\Users\forss\AppData\Local\Temp\cco3PlFw.s:2332   .debug_str:000000000000046f .LASF95
C:\Users\forss\AppData\Local\Temp\cco3PlFw.s:2342   .debug_str:0000000000000519 .LASF96
GAS LISTING C:\Users\forss\AppData\Local\Temp\cco3PlFw.s 			page 5


C:\Users\forss\AppData\Local\Temp\cco3PlFw.s:2350   .debug_str:0000000000000546 .LASF97
C:\Users\forss\AppData\Local\Temp\cco3PlFw.s:2336   .debug_str:000000000000047b .LASF98
C:\Users\forss\AppData\Local\Temp\cco3PlFw.s:2228   .debug_str:00000000000002a2 .LASF99
C:\Users\forss\AppData\Local\Temp\cco3PlFw.s:2370   .debug_str:000000000000059e .LASF100
C:\Users\forss\AppData\Local\Temp\cco3PlFw.s:2198   .debug_str:0000000000000202 .LASF101
C:\Users\forss\AppData\Local\Temp\cco3PlFw.s:2294   .debug_str:00000000000003c7 .LASF102
C:\Users\forss\AppData\Local\Temp\cco3PlFw.s:2374   .debug_str:00000000000005b4 .LASF103
C:\Users\forss\AppData\Local\Temp\cco3PlFw.s:2296   .debug_str:00000000000003d2 .LASF104
C:\Users\forss\AppData\Local\Temp\cco3PlFw.s:2378   .debug_str:00000000000005c0 .LASF105
C:\Users\forss\AppData\Local\Temp\cco3PlFw.s:2144   .debug_str:0000000000000108 .LASF106
C:\Users\forss\AppData\Local\Temp\cco3PlFw.s:2360   .debug_str:0000000000000571 .LASF107
C:\Users\forss\AppData\Local\Temp\cco3PlFw.s:2226   .debug_str:0000000000000296 .LASF108
C:\Users\forss\AppData\Local\Temp\cco3PlFw.s:2346   .debug_str:0000000000000526 .LASF109
C:\Users\forss\AppData\Local\Temp\cco3PlFw.s:2184   .debug_str:00000000000001c8 .LASF110
C:\Users\forss\AppData\Local\Temp\cco3PlFw.s:2140   .debug_str:00000000000000d5 .LASF111
C:\Users\forss\AppData\Local\Temp\cco3PlFw.s:2182   .debug_str:00000000000001b7 .LASF112
C:\Users\forss\AppData\Local\Temp\cco3PlFw.s:2128   .debug_str:000000000000003a .LASF113
C:\Users\forss\AppData\Local\Temp\cco3PlFw.s:2210   .debug_str:000000000000023a .LASF114
C:\Users\forss\AppData\Local\Temp\cco3PlFw.s:2274   .debug_str:0000000000000370 .LASF115
C:\Users\forss\AppData\Local\Temp\cco3PlFw.s:2256   .debug_str:0000000000000317 .LASF116
C:\Users\forss\AppData\Local\Temp\cco3PlFw.s:2248   .debug_str:00000000000002f4 .LASF117
C:\Users\forss\AppData\Local\Temp\cco3PlFw.s:2366   .debug_str:000000000000058b .LASF118
C:\Users\forss\AppData\Local\Temp\cco3PlFw.s:2136   .debug_str:00000000000000c4 .LASF133
C:\Users\forss\AppData\Local\Temp\cco3PlFw.s:2320   .debug_str:000000000000043f .LASF119
C:\Users\forss\AppData\Local\Temp\cco3PlFw.s:2348   .debug_str:0000000000000533 .LASF120
C:\Users\forss\AppData\Local\Temp\cco3PlFw.s:2176   .debug_str:000000000000019a .LASF121
C:\Users\forss\AppData\Local\Temp\cco3PlFw.s:2290   .debug_str:00000000000003b4 .LASF122
C:\Users\forss\AppData\Local\Temp\cco3PlFw.s:2124   .debug_str:000000000000002c .LASF123
C:\Users\forss\AppData\Local\Temp\cco3PlFw.s:2234   .debug_str:00000000000002bd .LASF124
C:\Users\forss\AppData\Local\Temp\cco3PlFw.s:2250   .debug_str:00000000000002fd .LASF125
C:\Users\forss\AppData\Local\Temp\cco3PlFw.s:2254   .debug_str:0000000000000310 .LASF126
C:\Users\forss\AppData\Local\Temp\cco3PlFw.s:2330   .debug_str:0000000000000468 .LASF127
C:\Users\forss\AppData\Local\Temp\cco3PlFw.s:2376   .debug_str:00000000000005b9 .LASF128
C:\Users\forss\AppData\Local\Temp\cco3PlFw.s:2242   .debug_str:00000000000002da .LASF129
C:\Users\forss\AppData\Local\Temp\cco3PlFw.s:14     .text._read:0000000000000000 .LFB1
C:\Users\forss\AppData\Local\Temp\cco3PlFw.s:27     .text._read:0000000000000004 .LFE1
C:\Users\forss\AppData\Local\Temp\cco3PlFw.s:2079   .debug_loc:0000000000000000 .LLST0
C:\Users\forss\AppData\Local\Temp\cco3PlFw.s:2138   .debug_str:00000000000000cf .LASF134
C:\Users\forss\AppData\Local\Temp\cco3PlFw.s:18     .text._read:0000000000000000 .LVL0
C:\Users\forss\AppData\Local\Temp\cco3PlFw.s:24     .text._read:0000000000000002 .LVL1
C:\Users\forss\AppData\Local\Temp\cco3PlFw.s:39     .debug_info:0000000000000000 .Ldebug_info0

NO UNDEFINED SYMBOLS
